2025-03-26T02:44:15.122Z info: Refresh usingToken () response is : {
  "expires_in": 3600,
  "access_token": "eyJlbmMiOiJBMTI4Q0JDLUhTMjU2IiwiYWxnIjoiZGlyIn0..SeCZn-nRaIfj8YOxxSYr_w.mStT66XA5y6Sx-l-BLAR0N8mH58gueSEOGdDQ-O4RBuM_989a3KTLrr-0YdAOGOD8ACBAktm9B0K7oFWKvZitUzyC0yZw7ylWXw7PWck-uBhfPxWRyjSuS4BJRa5TpeX6PRXxgVBewAMRh4_c4EGlBB5U1BzrTDgbSaZu9T0z0sc-ON0fGREF4A-hKaIES2MoCbaLb-iiEsSN3x1FmXB2qTSNGrUFzPV7uruWR2_5a0ZeSOqBQ-dShSGJgvpJIVl1upUUJUXVmG5j04zPuoLuzdyv9io0rOzNG4it6nSR6LnkBhravZJV363eqSovsoxbxupvKZ12pndpCGcPBCAneJ04VHv1ap2i2pJ7lAerfOIMbxKeHQI9sYtItvNwKX8iBzJJ-SGT7lG5-KOmqPT64w-KIjtGZhYLPsLP-zEv2YvAcA5pjrB3aVphX3kA3Cx51inhwxOwrbl6FloQWctyopyF_FfTtWuOL3_RPakPapxuqzKWvqbShnROEbke9VtOzrzfMA3COGDnBqbJGupQEEltLTuh48VY6_Bu1H1WihS0CamKUc3xdHWUXsrUi0GpvE2qKvc8bK9manc5Zl5dERarIVW4DUdaNKSEzAndD0BEtzl-40wyvArxNhPvlvin3TenSsEgcG1U6lPUza4stROA8zlDPkqwdsZisR_r1RmhoGejx_CqpUDQEMV4jeVTN1E3xGXZAQLtgBW7YzkPl2CNiXzuHx3rDycLN6hMTk.7WqSV9C-7v41c4q3niho9g",
  "refresh_token": "AB11751678092GBcZx1BEcqGdYcdFTWfekYMEnkIRxzO0XBIwz",
  "x_refresh_token_expires_in": 8721038,
  "token_type": "bearer"
}
2025-03-26T02:44:15.387Z info: Refresh usingToken () response is : {
  "expires_in": 3600,
  "access_token": "eyJlbmMiOiJBMTI4Q0JDLUhTMjU2IiwiYWxnIjoiZGlyIn0..arIPcWWVeLJLK1qUYNmtjQ.08_2P11zO1me1I5uxns8kwoiRXswkArej2_oDfuAe2nQDIFGm2IrwmWKcPTLIXiWmxieelI2HFY248vriZ5adTCireGNTeymGSKPJcS2fjt4ZkPaxCr4ar-UP8jtgavBEAO1YUg3SeG3b2D2ECzvGebSDxBtmfpipeU6XvmW4kvOzvtETFca0W-Qw7VwK2q7Th78hYznaXiOuaEjSm7DQP9wfa7v3pxMWA9QKZtheRT799QbqrqNsRM8J6sXnKkMU62hLW0piQnC5W0WKuskhAHlA1PEgowUR-Ld6um3NSPgo7gqaH8iIkcUTXYqT6-jY5UXv7TOIrjN-hYfPQx7tEy8LHvLA3-4Kk1FraQPBUu96mJ1xVPKfIWX6pjxUKbRQ7cLNCVS8m9WkRZKjkGNz9G8mlo4Z8Ahnan4NZ0NBHlC3ypxuoYgGvdT32DvEUqXN4ZWqYq0SgkPe6gfa9sNNeQXTRIZG-CkLazHcg18VX1rldCDBBv3luk6OCtaLBLl8UNvxBq4opH6tvbKD0O0nyfPlhSFM3G_ModtWvswUuE6-fp9MKHjHpsNloMFwVBwK_5_mCjVZSZQ45OysX6Eha6RDXquoFky61afjesciPh1-izitp9nEJdRAQCTqN-FwrPhe8oTYTAA429jA1FLh8fMwzl4wOwdc88ZaFgCbnU6V3wA27eW8qCrByFIakX5bV6EPy5S1ePPcnN1nf7BXjgZ6G-Lf5UY3Hk0DIPw1so.mpjrNlXvszBFog0XplfBsw",
  "refresh_token": "AB11751678092GBcZx1BEcqGdYcdFTWfekYMEnkIRxzO0XBIwz",
  "x_refresh_token_expires_in": 8721038,
  "token_type": "bearer"
}
2025-03-26T02:44:15.622Z info: Refresh usingToken () response is : {
  "expires_in": 3600,
  "token_type": "bearer",
  "access_token": "eyJlbmMiOiJBMTI4Q0JDLUhTMjU2IiwiYWxnIjoiZGlyIn0..HIgoFuUozvsN12kXsS-0_Q.e5uZF5BNMTx9LKGcxBw0462ARA1Rw-RAkZWl01dFOgzYSYE7K8o9GRyfMchXawTDrBKi9xTsseLYaHHhehdEplblaA9R9MeDb1E-iB1lNKpKRQM2OJmwThxjm0I5tOLG-cVW61Qhvlp79jzPhKsDx6OKFXg2jFlj3E6fblx7Le0cOP1j2M4yc1dntfGuUbja6nVhWcv_bizABlkpLM2rtSv0l-rduDkImXz4icp_auW1MWGFCaRip6h_CYxYYSYZr8mcEsjGPq89nNzTKZfxmjj2I29mH8DIW_7LeX5mfn8ARvJyHJBuIcjE3AbRO04TzRSL1FX7KM4gzOsz8TaABNO_zCQcBv3sPjo2kfmdvjHm1L8bn8XKAGy8FeOeqe0aw0nZOVuaF7v4X-KY3tja5l2ILoD_-HXUFCfVc7-lGH3foBc5CCj9LwKRpoDi0YJBezXPhPujB3GkmsAq7n0smEJVKXrc5Qw7FYo3cFeswl7JpVnooaHhXT18wj_kJ0XfTZeS5gnHDBYdm74Zm9_e1Hcrxd1uTc2y6QVrKdVs0ZhGAzxRLxQ-CQaqxf6HcZnrL-GOf2qrgJasR6vssW7zq1uWPCdk5e0ghol9IKnbjFvhRiHjq6RFJ5Uab1Qyzi4GwnQt03CsV_L26FcZ4pXYZYt_8WWnETVrOnSfD4Gd1NC3k9jZhvxbp5g61vnaqS6Wa6_KDC1CdsC2cWMWLbGTeh95YF3nTJrDWIE3CdcXWUU.D0vWklDGI3Ug8yZa7UMiVQ",
  "refresh_token": "AB11751678092GBcZx1BEcqGdYcdFTWfekYMEnkIRxzO0XBIwz",
  "x_refresh_token_expires_in": 8721038
}
2025-03-26T23:58:39.509Z info: Refresh usingToken () response is : {
  "expires_in": 3600,
  "refresh_token": "AB11751678092GBcZx1BEcqGdYcdFTWfekYMEnkIRxzO0XBIwz",
  "access_token": "eyJlbmMiOiJBMTI4Q0JDLUhTMjU2IiwiYWxnIjoiZGlyIn0..yFGEoBxi3ky-X29BnqyplA.K_9DRFgpshrnsuaL5ZgXs0-Wgbm1bq3-YUo2hRCHARIJXju77PqXNZQ5hG6GLv6FoOAcKpM61KSgptZjBqnsID_-EAdZez4KzkW_4YEIxxHpKh5mvP128b0ExAyy_7ev_8ziT5ZZkaQkTkW1MX_Xl0JZIXO5v1ZgfXfurRObJN-F0fKbq2DC0XU8_N3YmhMJ-yL_0QDfZZs_kybmAO8LNb0yYRkiw6oroDqPjQLJRAw7o7QdhPA1P9bDjiKf7YLmLeTWYYRljDXN0JBF89HAfNJ0n4L2tgfZlVIvnQ4oODdCiySiGBxsutWMn_kLdN3ZegVS3odZRz139tEN8tuS6xotvkBvmetb6rRZoLNPEcE_osgS-f6XWJ4mrCbXDqKA8q8eGQ4LEE4zQiuiO5mkXRDGTtR7k-aZg4y2C8W54GWceeVk72h4gEXjG3rn-uMAa9RyD3L9fV_1l3qf43pikuAS0QFHR8Qw78_VRVfEjpnNhr1SSOlDgd494RVVo6SiRRIAxSYmMoLu-Q4lM_UO7lH5HOfq33LZIjs66OopnJWXNJ-_74ls-DO6QIhJP1bUa74_7p_jyV4ksnhcbqJBHoqxnBXNy5lNufzIY9j_FPLltaGQcVpHUYqj3oqRF1GBEC6w-tIoUiJbqS1LbAmaR7lyfMzCkuK9tROWbNj5rz4n5CIxnQLqJiMqyF86tSFgvyV9O5t-0bV40CYSYi1c_tfRAbPFMH3h3rwlS9wK-_s.E_nEWLi2_dUYJhQir8WL3g",
  "token_type": "bearer",
  "x_refresh_token_expires_in": 8644574
}
2025-03-27T00:47:24.760Z info: Refresh usingToken () response is : {
  "expires_in": 3600,
  "x_refresh_token_expires_in": 8641649,
  "refresh_token": "AB11751678092GBcZx1BEcqGdYcdFTWfekYMEnkIRxzO0XBIwz",
  "access_token": "eyJlbmMiOiJBMTI4Q0JDLUhTMjU2IiwiYWxnIjoiZGlyIn0..ENmEZ2IEp4F_XqHkWHvikQ.r9Q-bCkENPErzsRUA5d1e2qtC7PRFQTcRbjpcXQzok6dO7DzatUVlLIZ8lg9VaTatTnzRjH61-iK1zNjmgQmoCg6WjedXEYB6a_Zx4mhATme-V3WiGGBu3LolBsERhxk34jrHElcFfAKvrvT1KdYixNy2niQ6Oy6x1Z76Ss7WWXKToPvocRsJxpdNyzpmIXZlTLg11XeIlM9N3bKA9OdTL1FBVg2Q8QmdGWocWAnFY_UE7RmVNSSiO-z98elXrBHBA9OmEUKPG7BhljPHYXLeeslvHg0ANjLb8UGpCmIQA0BfEL1dbcByHTHBubFW6Sw8ErKWou8Zvdg-X8-1hUHrJxmnrDFM650IGwwsffXHfcKhwu2wFUNMO77OMHFRTvAJMIx5ujPXDW0ufo1IyNPi0pk0U45xDLbm1AjQYyz2rtaZt-onJU4QW8k7onxZbAgPzLF5ml8AK5zq3ODU9m_pOiOlkpQHOHdSwFdeRaS5WvG9z9Yr0wstYEZLqs5W4pBKCbkq-BD-60EuE4dz1-UqntUaJTUwK2JzZdLBST7NiX1CpFOoCGaqVE-tGAzHm23enFI19Bx9Hw8zzHeVf1rGTo1HAbjdtD4Zo2gvfcDLUkFRTbv4CNZixLaGhpwrQylWwc8hu-qP05S2WAeA0oKv7cdFI1azpU8aQzbhqmxOBkq6Hk01FmBW-RNYmskDwrTO6THW8opUNBxH3ie4uTE5CNSIkB7i9a9HSip9i2fqKw.iiWGrYsE2G63Mg50ecNOmg",
  "token_type": "bearer"
}
2025-03-27T00:47:25.027Z info: Refresh usingToken () response is : {
  "expires_in": 3600,
  "x_refresh_token_expires_in": 8641648,
  "refresh_token": "AB11751678092GBcZx1BEcqGdYcdFTWfekYMEnkIRxzO0XBIwz",
  "access_token": "eyJlbmMiOiJBMTI4Q0JDLUhTMjU2IiwiYWxnIjoiZGlyIn0..2fa8aB7d3DWVGXEirle6sg.FGYaumvHN476-lWQRVdOkYzmaiIG6k8KM4dNDX5RWzpH4MFAMbsLxqUswykbXOqFZiTl_JTjfSv60dn6mgrOe2couNCek1ZKXiprr99eMT_S4JbQW7OwEpetw2bShYISERK4os5laW4efTyYrc0vMcTDt4-9oxkBldiOjJUGAE-IQrsgaW8GJeChV3QVakp3SAkyTn7CRa8-aCOSVYEy_cY1tVqvqBae-_HRRCzgVDd6S3fODfVZbRy1HkWD6rS_MXZPiqCjXh-OKFe62XHCdLQAjdlL2eEaB8dWdl4fK7tsHKuBZ4aAhG2dTnpLBMcHB871F2gDCEIyKb1hsReUug6gIrSeWiOBECFtcFn_k1E8E-u3ziymxbhO4fT3Nlda7LA1tafV68qNjxhQEy8LjkcTSjz18aCSVVC_kGOAc4IcSfvkO4_PAy_KWsH7hzAac50QYoxInG4-FUEJi5SW5o6wPru1J_FH-1MU-479rA2sVKtiSvCZdSjEOnQdPXKT6A77d8JsUGtGAiYYS-ErSTBV_IBQyQC48_gqFh2E0E8BfabDloZ4GJw2nx4-BryIgR2GyPmglCFj8fKkIKLlpiX5VH9ZPBHMden1hmy3oq3656gnYJJgeIHGn0c-xKoGkvzvCRioAkjdTDvj-8Q9BLe9dF2Ipap6Vk2Opd8JookNJlF9N68oVkVqg1TofcAsrOt9gCuhNAB3cewBPmPq386QV4s3D2egfWIGPiMM8d0.RzCh4sLheRzqN7p1IK9YiA",
  "token_type": "bearer"
}
2025-03-27T00:47:25.361Z info: Refresh usingToken () response is : {
  "expires_in": 3600,
  "x_refresh_token_expires_in": 8641648,
  "access_token": "eyJlbmMiOiJBMTI4Q0JDLUhTMjU2IiwiYWxnIjoiZGlyIn0..8EeDxU0iUoXlQQq00XTZew.wajr8YBSMJpoBCLW9KDxiOvKgnHG30IMi-zm6IIwept8GaNKhJPWITfpOZQD5GXT0zUczzeiCb19AfIWOiS_FwVW7YWljASJa76p8dLK0_Hs7QbdX72ZgphODtjWYlxfZ3CU5fPwR-YVSZwh7hGJklgVriPK5kD1fm70Kq_T87YoWX9sFjFVuw6cYCUiBZQxDEiI1MZQnMDE3QvDcGOBTEfY9QI9Yh-pHnlWcabULAvq4rrWb-58n-DcVgTMKYmIvFv3VlaslIZAsDKvlJ66SwTxJhItgZ0eNoLEzFFn1Ne4qCFf1nCi5VimMeeE3DZHt-w_MZHfwbQpfgPWK4Gw4dOy3JwsS_f_S1AwEyFGnBhviWYR30JA1ZKTnBBDwv1Qd8rpDfkx8Zv1KARwoYJbwqHVGZyJXIrtNvzxhvtTJK53to0Z5ca1LCddEBSmj7AOmetBc115P-G1tIMeB_S3eUZY8taUIw8wVQLS_TgRXH4ImC9LWYSXi_SWPguZ3y9f63b9OLbAJxG4vcjWISN9n-Uzw5F9kUrVzrdo21CvVFSz1HyScp7wuPhMvgfEC2JOBWRENsMsjXSXvXSQkWB6moOPHxbtohvQqnCJ5PBC5eHYXycUJFwvQG9MGPI_dZgdZiButubyN5O2rbQVI9EmApJksVeadzJsqwmcMammjqMHkGAfatr2JUbjOQ1FqGNdDkhjA9T__QkC7QadqfyPkNAcnqu6fa4janvu1adCzRU.y6NXmHpBNq4YHo0ktLDdJA",
  "token_type": "bearer",
  "refresh_token": "AB11751678092GBcZx1BEcqGdYcdFTWfekYMEnkIRxzO0XBIwz"
}
2025-03-28T23:30:40.585Z info: Refresh usingToken () response is : {
  "expires_in": 3600,
  "x_refresh_token_expires_in": 8726400,
  "refresh_token": "AB117519310396Ny6DFz0pTB4WaA1JPhqTFY3qr9tgoELftjAZ",
  "access_token": "eyJlbmMiOiJBMTI4Q0JDLUhTMjU2IiwiYWxnIjoiZGlyIn0..CXjg3EULihZmFaCDsZRAUw.x6D_Hcf2vQaoMz3kM0vf4z6WADPYAydWMS3yYzRkQGuox7Dkw_J47esnS8ZOMYPTn8crjn8SLAqZcV4CFotvQCPYh0kGwNQjjiFLUZpOXuQViKzTvmTV5NVnkoeZpQYPpvRJ6UhNr0nFXi6viG1Y1zAKFKk6iUIpsEsnmd75Vwam_YbEC7gvb64TI88eguwEgHoakJWH4arbzwAoqqyP_BYD_w9AFE46pa52Dy9kEzHELgmXmKZI1jJGYkWkYGi1abt3cNNcXra00HgxREZ10mGc_W8kiQk6s97ERe1ynIEEgbxrdenXPQ10Y8tbPlTA63i7MU7Pr5hPZmi3smShBIGhvTEcA93Y76NDs3RlYZOOlNvP_--9Gd7aubK6N_pSpQRmDx2lXnY6767tVf9rjYUO41Kjtjuuv-4Wi1z7Z_4GkQMRL581HYGe_ROVR9thRgxo-IX7v72kBor3vc3V4cDpOs_yDwFOSEbweaYzY_nH57OkmEWvKLxNqk89s4LK2BMTrxtl6B4hvwO8dluhXG1l7O7mUaYnKBlasyz5h0mRGFXsb-b2mTisKm2SoZiodoyDw6KG_GNQ9N-wRhi3LbrTXTxJe6kfsod6HIB0N5UF8Ysglq1GiUYcT8yIZFLqL42btsjWHkTdkGuHe8MMSkt1pyAdCl9gFf6bD_6HzZIHKv9TURD9OFQCID-fGatoBOdotOeAr3CgZPXAPc6l7I21xG1U7Ly3RixJowhtrp1RjfXnXLIHzBvirdXNv02L.y9npYtfRb6mqHqHRk0AhIQ",
  "token_type": "bearer"
}
2025-03-28T23:31:01.073Z error: Refresh Token () threw an exception : {
  "message": "Request failed with status code 400",
  "name": "AxiosError",
  "stack": "AxiosError: Request failed with status code 400\n    at settle (webpack-internal:///(rsc)/./node_modules/axios/dist/node/axios.cjs:2031:12)\n    at IncomingMessage.handleStreamEnd (webpack-internal:///(rsc)/./node_modules/axios/dist/node/axios.cjs:3148:11)\n    at IncomingMessage.emit (node:events:519:35)\n    at endReadableNT (node:internal/streams/readable:1696:12)\n    at process.processTicksAndRejections (node:internal/process/task_queues:90:21)\n    at Axios.request (webpack-internal:///(rsc)/./node_modules/axios/dist/node/axios.cjs:4258:41)\n    at process.processTicksAndRejections (node:internal/process/task_queues:105:5)\n    at async refreshTokensIfNeeded (webpack-internal:///(rsc)/./src/lib/intuit/auth.ts:81:37)\n    at async isAuthenticated (webpack-internal:///(rsc)/./src/lib/intuit/auth.ts:135:20)\n    at async QuickbooksPage (webpack-internal:///(rsc)/./src/app/quickbooks/page.tsx:21:27)",
  "config": {
    "transitional": {
      "silentJSONParsing": true,
      "forcedJSONParsing": true,
      "clarifyTimeoutError": false
    },
    "adapter": [
      "xhr",
      "http",
      "fetch"
    ],
    "transformRequest": [
      null
    ],
    "transformResponse": [
      null
    ],
    "timeout": 0,
    "xsrfCookieName": "XSRF-TOKEN",
    "xsrfHeaderName": "X-XSRF-TOKEN",
    "maxContentLength": -1,
    "maxBodyLength": -1,
    "env": {},
    "headers": {
      "Accept": "application/json",
      "Content-Type": "application/x-www-form-urlencoded",
      "Authorization": "Basic QUIxSUtTdWtpV3A4UkFWQVJadHBQYnB2QXdkRWtlSXVBOXk3T1IydTNSdEZkSktzc1E6RTRld3g1UVFaNUJSSHoxakxWU2xJd3FtNFZuWk9FcWZkNWx3RVZFOA==",
      "User-Agent": "Intuit-OAuthClient-JS_4.2.0_Darwin_24.3.0_darwin",
      "Content-Length": "89",
      "Accept-Encoding": "gzip, compress, deflate, br"
    },
    "url": "https://oauth.platform.intuit.com/oauth2/v1/tokens/bearer",
    "data": "grant_type=refresh_token&refresh_token=AB11751678092GBcZx1BEcqGdYcdFTWfekYMEnkIRxzO0XBIwz",
    "method": "post",
    "allowAbsoluteUrls": true
  },
  "code": "ERR_BAD_REQUEST",
  "status": 400
}
2025-03-29T00:15:52.769Z info: Refresh usingToken () response is : {
  "expires_in": 3600,
  "x_refresh_token_expires_in": 8723687,
  "refresh_token": "AB117519310396Ny6DFz0pTB4WaA1JPhqTFY3qr9tgoELftjAZ",
  "access_token": "eyJlbmMiOiJBMTI4Q0JDLUhTMjU2IiwiYWxnIjoiZGlyIn0..b9foQsTiKaDn5QyvJKtQAQ.6rzgxbItl0LVrKn-r8nCcDuZO9_JIX0PRUiIBao9IFH0Kf_QSUFljq_BwhaU0xnQfzu3EaI5h6mbp8xXjEYh1v574LbssSqU8gn2tyyrVzgLlAwPtkeIml-I08Mylj0U3S_oYJoT6RnTDvn0l2Iqztz2Olltk7YMwVn1R88PWo6tIoRUngSJR6AmzzYgtaIK2bNhfGK3QhVEcUZROspX0dl8RpMyzPcL8zQ4YTMbd2512FAtGwLsS9r40kDAwD0IZXMOXfr0TZnhjEF4GeFqAamtoboCxX8ydzXpIxDPYgVDYu6Geaa6AanuTxQJTYdQxwzVz74AHiNBtKk8VCg1hq6XZWGCv5Z1t7YMN24_6DncewZHWKk7UNUHKvaJPSfiB5fXD1gbfbKe-Pov7NTuDr9wAUfI5D3KELQKGmjS6loU5dM56sB3o-DeqXt_lFsaCUoryd0FUID3gerBxceu5d4FEqI-6GIJR01fx25J0h9nGlyu0QUhUH3v5WAUOfC5XKbWfg9z0ByLh77L9XdVpRHwv8Lnoy0eIELnF0QNX7bdsaHLpj_GvJnCMF2WKsfBYFXkVm06gH7Isqyc8Y9LGbXeU4V8aufLEGz6Kn76nezv43gzK8nSKoLE5re4iLGhW1hmM6tHIAQk4vjYXqBdJvPIvxw6RcSr2XjuWIVNvQY0C7p1N2GxrXoIczqnT4VCgZgJhJ0hxi7MATAbSdWUK6leLpxXgURHyp8CBuDWn405pMquvk1yFASWfmVfJsbx.bXn5iMMxybpy0RPKmBEjHQ",
  "token_type": "bearer"
}
2025-03-29T00:15:52.997Z info: Refresh usingToken () response is : {
  "expires_in": 3600,
  "x_refresh_token_expires_in": 8723687,
  "refresh_token": "AB117519310396Ny6DFz0pTB4WaA1JPhqTFY3qr9tgoELftjAZ",
  "access_token": "eyJlbmMiOiJBMTI4Q0JDLUhTMjU2IiwiYWxnIjoiZGlyIn0..1C0sySefI_qc20dT8wQyIA.lvmXS3e0LJbZ3tfmjqOiIJkSo5ihkWMjuIOUSxrG-V-loIK4_O-EO__JL-DvjE55NU9-tdGNCXLbMd7k8TdPmmgDfcIjeBD3_-NzG8oOtxh_HssEH7Ela1YASW3joN5jQdT_bCR8m3IOBeD_Boe9bls1t2Ux8NjUgNkyk6TiKCN6LnQR_n1ByqDjwA4ldVzN3U5F5Qx-NyNpi_3nzPnsD39ql50qKTRC08M5m7sgyPZSxpIu9ndZoUKJMOsZn4ouBtZNFEda_WpZwEMtQi9aJSj2IMDxAtbWhUVIY2pAXB-mN2vua2in55ADXpMLSL4K3NbT6OL_YtQ3dqLNu7ywvCQf7pOc--HE0PfX3hIlZ9PCVf-9XlOkePiZrAa3Yq3ZYGKM4uXQCPzsrZqv0Bf3tWm4za1K_4AIo7jl4veqLxVuG6B5_CC58Ansg5ORO_Mopi3AQm3vZBzR0i1FujF0u8QeQcrSwKQP2hy_urfn4GllfW2Y4GCvRJ3ncRipwD6wYVKvFRQyz57Hyi-cRk1srUdiKTmENhEu2Wc4hSJQJ5QqJ3STW9s19lkR3OQDz-1OEsE4eJUktQ-gfDtZD_pLohATkJYSeEDNiV1wQIS7BkAIl82c9YGd0icrlG2oSjWERAEEsQIh59-9HoaRQ69CEDKdtu_tJRqw7vcBP_OpvaaquJjJmxeKcWkQXcu72jXemolWES1xCh3zm8ncFx0mSmiXUTCyWVXyow3yx97LQgaegFN3knW7i2f5FqqdNExG.-WQh_-PVTSNXN2nBVI8NSA",
  "token_type": "bearer"
}
2025-03-29T00:15:53.737Z info: Refresh usingToken () response is : {
  "expires_in": 3600,
  "token_type": "bearer",
  "access_token": "eyJlbmMiOiJBMTI4Q0JDLUhTMjU2IiwiYWxnIjoiZGlyIn0..2mi_Tcsa3ovmoWYVl-Gg3w.XZzD--Z4fN2pYDZGZN-KZAgVsRwsorof8DNrkj9EPzadDsdR_yEsgbjfdJnCiW1BT6nMobHfkq89qzuJG8-yTSpU5XM7VLwnbRzIYD0nLxZDaftHBVSOKkSb7hjaJkiwsxf_4JRL_was-gIj_FcsHe3rUw6DpRVYUfluNdfP7CNFaPtk8y_LfdAr6Cr7lscR0nwHWaOX0dmmULqS5V5kOAuXY3LQlzbD1KmbdY2j_u7wtlbQxv6bTaqBK0dwhfuYNydrQbVsGrISw3PI2_5CpCO9E_K0HDftoNBhE45q5Xjr2vr-3mjTXWtXnaH6uuPFKis27-WxBs6I-m8vI9uW-1A8CaUOqU8bO0ucIQYE3Nhw-t6uEHxpe3eV-k5wk4yDkTkhF_sg3HWzYjPTz7OaknDi7uV7O5oGkKmD_094-7HDZ4Sj16pRH71fXBqoJE1pS0vZCCVFspddOJ8V4QvbCQaBuK6MFWumoywLLx2h2ui9Ak6O7wwMqBT7Nx0f1yyPlo2heeY7jnqdm7e-EAF3Y9RsY1kKto6-DEgQ64igLOK5TDtAQYwksL8VdaxRZRmTKQ8sAniwAr9I-9tIwWJwysbjrzljODyFxb7K3DuzekC3gwJetz8tOWvwzzEGNotzNuQNcZJX04Zph_JlkJUQ4A8nqPmPJOVVa6tOEHa9Z3w7M78oTocfi4kc3epVtWtMLdVmO2DlmoSyqMsQs5PEJScDB2u0iduMMuGB--wZAUncqswNynrr-yWcRYnJitP4.ndQJ6rw_7OvdpEqqaR1FRg",
  "refresh_token": "AB117519310396Ny6DFz0pTB4WaA1JPhqTFY3qr9tgoELftjAZ",
  "x_refresh_token_expires_in": 8723686
}
2025-03-29T00:15:53.988Z info: Refresh usingToken () response is : {
  "expires_in": 3600,
  "x_refresh_token_expires_in": 8723686,
  "refresh_token": "AB117519310396Ny6DFz0pTB4WaA1JPhqTFY3qr9tgoELftjAZ",
  "access_token": "eyJlbmMiOiJBMTI4Q0JDLUhTMjU2IiwiYWxnIjoiZGlyIn0..jc51G6AV6sKvNh3ndHTMWA.9J0N3lTU8LBm1NrfYH8k3-iZRCa9qMAwMnzvlIYbf9C0Ro5NgTKoaT6XsUQb2oVu9i147anahe6loZPgCSHaCwX4GkFZsQKymH2qVExfjuMMPFriJVStmjrITWwVyqPdBAFfjQUw7NUg2w8WtK8Sih692GwCX1Sr4_Jz52yvwakGR11AQASASZ3yplb0RAGfrhbIuvJC_S_9ANgG2HVH30WrOL0en-YUUWv7o8lVoVaPfpBvxtamxIYpkC4vu7akb5oVnEFKujTRdmhKUeRzKJucv_GLk0k-RCWYkdih_vcsQnf1VTmK5aXVFpGJp6Q-gG4_Hkasff_U-cGOAQWISQlApJvVz4lX8t90t6f0ykjuV_awKopYvSVrK8PGGrpk1CNRwKe6D_O89fZVaM-LuxQkFYQWOsrnllJMZrfcO2CQLFA2PxJoyt9kSrnoUs0j-NPZq0e8J3sPE6CeAHTJplareTuVBH0XRddqUJ7EczJ9KgQjw2t6iobcZnDdmwzYWI3FNDAAHzY7WOl1I7QsrXA3kB7oAkpAbTDkeFs9MDnkPjK2HWgxzrgIHYoh1IAxkao4lQ9AxeWW4ig20KGg6-36RIGZtO8qws0Ronqh9nNerauR-JXn43lh4F2Qcmrm0n4u4zfm9n_kAJIyBhOneflX5tGk5WTd01P8nAaBriRPW5PIe8QcyhFz6n_B-8hZ0fBIijNoNdY5aoWfAyQL5wzC-RUFhfrPUWhV1o7D3IE9Ajn6D4uhal1FAly3vmVF.z_spYoWv9WAQ04XvpyEF6Q",
  "token_type": "bearer"
}
2025-03-29T00:15:54.000Z info: Refresh usingToken () response is : {
  "expires_in": 3600,
  "access_token": "eyJlbmMiOiJBMTI4Q0JDLUhTMjU2IiwiYWxnIjoiZGlyIn0..8MWeEOs6lxczk7OTromdXA.pFRBYXXvbJFS9_ppuh4F-9iKmumYi-vxEca-ZbbIi_RpzGdvfWOqEQtowsa5jNAre7fvffpN4WoHwJTD2AIIzODDQjZzfP5CPiuwmfxAY-DGGrs2A7gns8g1qsf7mxOqcvwpq1z8b3_pVSaQyhos5pve0_GNAVZzH-8xIFR8g7XE0iByBRh8h_O1wRpTyOdgMIme7uWOdDXRkqDpTQCZ0DQz9caxQ-p2BEdWH5KTiFp9V1gcDgLPgeh3rgLwQMBAY2XER7L6ThKbAPajSVxzCOld_ubMrU7f8_u_CJ3d-AF-cdiDlHNx8adAzPOyhdD46YxnzSq1-uf7fm8Ye2Fkcblp0Zn4GK3kl8VKvNo1b2eE994de8ua0Tok_lzHznJZmlEM78LFq2jeQZRlVT8ZQDefVi3gbjJeIx7O5scqEvTa0eOTWXf2EJUW3EnUZZSPqmp64H9Bueo7FEIE3VK8Pi7KekCogKi80MgtDC1U9vITkTXso_VSs5uxbu6Nf8qlZ8CckKLMtVkhF59qMgsZlEZCqSKJzCHwu0mMdniNyw1Igy88ws2dBtgCpPFlqgY2tdSpChOy8EQXAlxFooAN22X3JtOcApL8rGHe35SlB9TxGj2hCVN2Z5bmikCmWOz-Fgx_lFQ4Rm9ftHQSHTJvknBVCXp7VjPMRHhlQJYyx3OhROj87SJvddlBxZXO6JQWK7Mlw8RAsRWpiYPulzP3OQSmnG6GFGztPhYmOcvtgFCt18LLpE019VcKFSbbzkMZ.EAXC3_tbHHYthME_lhuk0A",
  "refresh_token": "AB117519310396Ny6DFz0pTB4WaA1JPhqTFY3qr9tgoELftjAZ",
  "token_type": "bearer",
  "x_refresh_token_expires_in": 8723686
}
2025-03-29T01:02:58.495Z info: Refresh usingToken () response is : {
  "expires_in": 3600,
  "x_refresh_token_expires_in": 8720861,
  "refresh_token": "AB117519310396Ny6DFz0pTB4WaA1JPhqTFY3qr9tgoELftjAZ",
  "access_token": "eyJlbmMiOiJBMTI4Q0JDLUhTMjU2IiwiYWxnIjoiZGlyIn0..B0E8HkUjFIGHoeZ-rzJctg.0cR282Z2njR546muMObL-hsO8P9o51kAL5XYCaNbM9gm1iVV9R580gPK0m6qYZto7gxjFCPrHNFCdTdbBoYLAigXEu6zt5GcvZFrBr5BdlF8z_xewwRfO313FLE9i9b_pJP1OQEiklckkazJstAldHgTsquEf4yZNj6ZmatLSWpTt9xL9RiNtgS7G4guPXGIMJNt7QJaLpcpSe5mbtqMHKWLqnTA0jjL1aPZ1jnVxf7xllDmiwGkNKf5aD3deoSBSkg3xO6wCTeh8ix-PnTPmibVLc1wvtO_LHhdtAYq5hyh-IDPoWNwvsI7n_p76bSvm-CFlX-AEjv0tFzYn1fIsz-13GvT929cJZbEwGB6D_5CxNAwpfsnQAgylbiqHOCOb48rsBjX9mUwpSuRzCZz4nLmczch9hb3XRPpjQuJm0PANKOAmacml8qK1knG2qYzt-aS_NLrUV57AIoVkbQZYka0b_RlXHrxgzO-2qnHbcn0D7Zj2OMWcZEG2TXgwPLufbVS1Sd1CH2Buu4ENK0f8s1GSOVR8Vv9_VQtPOA-UFTLuKqB-SaR7jSDCtDj5KryGZL5LCwIrH3pz3_CaNCC5eqOxdRO-bihrJONZiYn6x0_dCacgBRL1vNGO21C84EdIjzg2YSxLLa672Zyuoi4P6M5hjiQwN6qHlNlEc384ocyzsLK2yRTUyVHbAfIG1IPkGgBgrOPn5WUeTYIAEgN30WZcKlml8mOZnRtw--iO_d5HqZ_fwyNo1PKxFgdBvHV.1eE6hXiHFJvgWDcxma8M_A",
  "token_type": "bearer"
}
2025-03-29T01:02:58.947Z info: Refresh usingToken () response is : {
  "expires_in": 3600,
  "token_type": "bearer",
  "access_token": "eyJlbmMiOiJBMTI4Q0JDLUhTMjU2IiwiYWxnIjoiZGlyIn0..ALm8mICyCri69vVhdwzv0w._QeuN25RVT9C39wG5BdEMEwKh010uVY4jvjrTqOTy4bfQBzXcfRYK3u1L8M22q_Qusl8_Ut5sE8HEIhQS6-u88y97EUQWtDuvq7Fp5IT_xR6vNjKXNnCrJacsUXrjbU5nTBLbOsHzKLfR2EE7WOHlI4wfYUZX52jV6D_glV4aGL0FZkOyYQmenyVvquCV9R0MPX-USFSPI_IMDfAXfxRsh15lHKCSsp6R3PlaC8MxNDPyFJJgCRtepJSrfbV5GqqLHPR-sVm3Uev-bUiudk8kFI5UfFV0nR8_7AFvhOpXvJAn9TWfaIhqUBL3KkDO5pWevcHE9cKojRl4Di-k3Ac5Spm5-uQCIG2hwPmZM_k4UhUzRnH3nuHrW5gJjGjm72aGXbcEq0-QtTMA8HLdQWiG59kxuB3HsbzC635FFrPZjFf5tzSyBd_D9IsRD4K1AZ_fEYd7mhMbtLKPtgRgM530CDJaMWUyWS_J4_UN_8qbKSIa1Iwp3aq4HFy5qh2kKYQ_KHKkK--cvRENaDiAPgAEHhqRc7TFmE81pVIVUAT01VX1a63wtulik3KCx0Vtn4wUmPN6QWzhvVO_hnRUMkVZ2d_HSd23k5JWWgBi5VrqAA41YiPhXdfBMS21WHuGhbGFTCubyDvAZLgBZ8Byzfbnu3Cz99gpeHoVyICDR6lrrmJcnZ3tC-v2ldCnHgXtHxGCr2SEAzYNCk-4mgNNo6MJruRkH0Rt0_0TTkGSDgj-dmbKsLzW8nv9MO4Rq11x1IM.1FHA7ah2Rtb586FzIwwzyA",
  "refresh_token": "AB117519310396Ny6DFz0pTB4WaA1JPhqTFY3qr9tgoELftjAZ",
  "x_refresh_token_expires_in": 8720861
}
2025-03-29T01:03:00.018Z info: Refresh usingToken () response is : {
  "expires_in": 3600,
  "x_refresh_token_expires_in": 8720860,
  "refresh_token": "AB117519310396Ny6DFz0pTB4WaA1JPhqTFY3qr9tgoELftjAZ",
  "access_token": "eyJlbmMiOiJBMTI4Q0JDLUhTMjU2IiwiYWxnIjoiZGlyIn0..KYsbNStX_no9Gi_X-1iilQ.fikBLSUsmWlFeqOLCfTW4dqT6IRa_169rmuEdu-7pbwwZbz9OxtPy6QV8KKD73H0wvEH5LB-UOIiMUk4pRdwpi6F1bhTH7VExzuddUFwIBsp6dQ3ESyC8-6L1g20KkQZLN-PngZwDXTvOcgH3VDg4sceGlRFqsdmTYID0vCtFfiRbUCvY6SsnHfqhtnVApOdxgyLoJKJoioB1TcKYUC3NsMuqEC5zyKXIRgaz-3NB1-kjhKskTvKiJ-qgDTC5n7C-EYCa_sWq2PxdirEFjUz9WcDYw8EkdaerSFIFWDDTiuti3ZgfpsNEGvBYFYkpQvYIGks_W-AAiHeupJanMoTVqi5X7Ex4ta7ZDzVAJxlmYoAtUznUAld-HHMRgZClFyCOqBjwkKhs56sX8NlJ8GPu7TtBbBwIaSsBnahIHAltz8fBY81knRVppL_uSugfb7Y1LJDJ9D6ZHaE4WNo_YY7o18aGjz9yykQuUAUCxe4lE_Tk4IvsmsrFiYBI9pR6xN21GHc2mMhbP3fzqmQUS3P_qKWC4-jG5dGCeG8lQ_p39EW6RAL8ZNHRKRX1XVQQ0eGRFwxzH8IZ3D85bGQY0ySQvE4tTULPWNA2brAjWrFS7YoDAyVKDIEUA7EvcNFUYWjrZfEW0BkA6H86g5QhJcZNek6fHNoyD7UWLdbBUSgwt-UGlmmtNt3XE3sd073Asq8OaLrs3zVoLmg_G41n-PxRm5YPo9dE5xyYZ5KlT8np9T6tDH4sk4JdExqlix1ZitY.FFq6kiaGCqsSAB83HJbzbA",
  "token_type": "bearer"
}
2025-03-29T01:03:00.213Z info: Refresh usingToken () response is : {
  "expires_in": 3600,
  "refresh_token": "AB117519310396Ny6DFz0pTB4WaA1JPhqTFY3qr9tgoELftjAZ",
  "access_token": "eyJlbmMiOiJBMTI4Q0JDLUhTMjU2IiwiYWxnIjoiZGlyIn0..GWZvPa4U1NZE2NwtrukF5g.Qre56EALU6FvfJdNJIdCjHYQGrR1Wal9qyWfPGQ9lfxk03ipeLkTRBrVrbdoPMwDLjLdXD8gm73GAGLBxsyfIVufj-yAVyfmE3IaIDVS4a7Wgz1bPpoJt9PlZ9uhg_TSKhb2a7zBodao4e-6EObTDxQlOSH1nV3o02g-aQdfApiOMdsSkEjqWt4sQy6Lju4tr4SP_kxdX6ZpwE6hiTrG60GqiL-RPqdIAxPFwy1fTRL7zr4o8gbabuXpm3_JkI7SvKFDTMvZTGRo_FRrPdeb0pye9ytnjPefllL6UoRRN_DBv0619ZW__ROTyKpDe3ZoAL7-53OE42L01FSugn7qENSX5KoBVxxy88_s12NnQCkN1G1ITbkac2bZucvsjPk0IohZL5mF9V-qETeMT6eePGd32DUUzSOuEda-VWi9DBPIWG_KFWy2FS77Xs6in-HsAtd584mSRmpmRbvZ74M-mgQSaGdIlxD6jQ8vLiByIrcLTuWsaObmRLS_vsbOAb0RtsxCCYBaOKdScx4gtmpiP44VJ9Pq9yZt5fAYCfZPKZuvpC43Q336p_FCCYFxr7ZBvY3bPc-_UFzE2Ufz0hmOnIHPczbS7dUuawxUwXE751QrRzmIpMLwOPoHILlhoZn_MlbYn59YVmyZ26OlHw8hAQD727PV7Ij7nCEweQ6cp4hDfwYjacn8UsT7mpJdiOFYztvxrgTo7SYJYZJ_azawxHBiBraQW3qo1zAHhoYz_YgNVc_4OI1_FwGTVqhKOWlJ.VyvcyuK9M-Cbs2EtPE3WTA",
  "token_type": "bearer",
  "x_refresh_token_expires_in": 8720860
}
2025-03-29T01:03:00.215Z info: Refresh usingToken () response is : {
  "expires_in": 3600,
  "token_type": "bearer",
  "access_token": "eyJlbmMiOiJBMTI4Q0JDLUhTMjU2IiwiYWxnIjoiZGlyIn0..-3T0RTRrB4WAByBUfUPjCQ.EbExN7C5Sa-hAz3HqcPCiQwZB7AwrMX1Ud5rykXA7BRt-orX_MqD-Hm6IsoMw9CEjqhXjaS_WIYlar9qh65-kxYt5dg5Rie4yIT7bh3Vf_SdP5qZXgLNr4PQ4oh6F8CUb2ou9VnaU0mGB-SiGXyj8eHq7Ky0xhezG0lo4JB9hN42Z786coeKMEWsOCEzYADAWVS_W-MBlPD_HcnClUJUF9bSLsr1JivGfVk6ov1wfn72tGs0mq9etsRSKV0iUf8YHmCM5_ShUdKSi4MP4zYxFtWeWmH6QQHDOQc7wFfcGBkglAHf8Tpo__7vso7GYH6LSAlx4-TjuMaG4Yx1IhvPtR3gGYdVzPO7BdWRKLDicmBeLYKnT1ojhLU0cbRoGoBaIGe-USMnKCbk7KPpLN9l2DcRT_vd-JlAe2EnRi8PoZvL6m6ICE50ndwYFDEgYXY1vaH2YG74V7K4vDLMvnFirPW9YLg61Rat0Fbqcxov6ceFWRUTq_ZZpDLgOdtcJQGORH7urh6vh8mcYI-vX26VKUMO9zHi_-15vNKQrc-P6GNh0GFkS8wDhupqLkbRRKOgKVPumyk-eHnPRAwLKBcqufPAkOjT7aFqp4P03ItnjkoYFLX_TKGfxpjK3B2yttnSomgc82CLtl6e1br8bY9ulw3zGvfggb-QaTUaXOZeeCL4O72eXAMeQK-ZUft1muc40J3MsMq_jeBbvyjyqPT_GvVuLfiTpXvbcPeSwbaH70_EBrKQyIOjZest_ykcoAKl.0412ATQ7Guv0UoF9HCWhFg",
  "refresh_token": "AB117519310396Ny6DFz0pTB4WaA1JPhqTFY3qr9tgoELftjAZ",
  "x_refresh_token_expires_in": 8720860
}
2025-03-29T01:03:36.615Z info: Refresh usingToken () response is : {
  "expires_in": 3600,
  "access_token": "eyJlbmMiOiJBMTI4Q0JDLUhTMjU2IiwiYWxnIjoiZGlyIn0..wcFkhhwKvavpooarqAYsFA.wF6N9fSQ6i9x1y6oTwAA3y51nmF--dLqFF5M-5lJWSDIn6akyCUvHX_mcH_GheyznSzoSWnHPno3K8YLFBHEN8fd2JQUmQL7t9KbDMHFckCWDPyDwvzdT8RIGlEAKGNdszPpam_pm_e37LJUl8UDxsmjjF6zIrMp9rVkcej549IiK69kZnh_wz6nNqg9KwySBURHIbp1ZJAWEzwQ3yaZCaM4leqY1EBzWU0s-dY4WswPFt0s5FNjwdJU0kQ-SSScAM1I-5YcJy8aBsNqEsTlbIgG5JeiZnMNWPnrOVSqvJjm29LAUmgUbaOphKz3ZZqLcb5E990rfi32KIYJHA3-uRfmvt1wJdlno5N9zFeBqfkiyKK3DoeNHKLbtVcOSCwo5X-aXdFQUontPnj9eTreNeYz9SToLbSGO6SLDksf19ZxrOq7NfEXgKJX3PkzjPi4MIsP67RWGJEOBXy1XX_UApShUKvzK3W1zVhgMvGQH3Bi80PYyd3cbolyfmAwHXeIn8lLGyQVlR_gkpAB4sCb-QL21G8KOrbXKPPBpteLLw8YfuAfMEjDl5E8rxRrbNliEV4Qoh0NPOWPNIrlDisk0zCraa7DdjbJhd8DESPiwxlXfjlyLmgCiJqdlKVbtoM2iRoRNtwqD_ZZfKlKPbSAu__sbytKEsN5PilKkd3sPemr5JshFQDhGCQcHzjE_TQHmwhOb23k-zt23_icGfqRQKLNvuJvnN59jqw5TF5k8Mf4tcj4_1g9E6CjNsPxlGek.xVdaiRy76PvC8nx8qOshSA",
  "token_type": "bearer",
  "x_refresh_token_expires_in": 8720823,
  "refresh_token": "AB117519310396Ny6DFz0pTB4WaA1JPhqTFY3qr9tgoELftjAZ"
}
2025-03-29T01:03:36.858Z info: Refresh usingToken () response is : {
  "expires_in": 3600,
  "token_type": "bearer",
  "access_token": "eyJlbmMiOiJBMTI4Q0JDLUhTMjU2IiwiYWxnIjoiZGlyIn0..GjeloUz2hujSY1pxIVjawg.MUUV1OcKgI8ukgXx95dzk-hTCdCWIZdAOuQCrYhoSuVGk-5EzxAlAfxIMkOqFpFXeWHRF31-PPIFY4ecGQv6zbXK6ZoWE0u1dXhb7dt8Xqo56tcyFZ8Ozj0wAcWxmBtuMKuP3n-jqV4oU5RxTLJKcC-kEEhdACJx5ID1fZg1o6BsShqqt-WqgQWh3UTjzlvivcepBcHpOVim0n_yX9ot_EGV90xgjCLgUqegMBPn98dr-TYyW3UAmpjG6_79kZsKLhz9Wpg2qfYblTyUTfXK_8ZgZOXuZ1UEpKajU9lSvUui3X0fd9WXlRKdgmpnAoQFicd266IAFaorT5iznMqD2GZLpnTe2Eau8oO_mhU7h3sR_d3IIOPnmjL5zhtzPyMPZv2b2H4Lqa8kbcCm_oAkQiIjiXjnoQP_Us5gfORWVgjjfoAyojsxrC7UlNa-7OCa2QUB-IES8kli3RWwb0OOVuscMSFdUDhdnybvcxpEgG7JzMOAyByV6sKQBZqv4YTwHiLjcxjHpueuVbRO2TFy_fo9Au2jOxKrlYyP9U2FWJT9KX6X99FXli4Su1FSFwPwRBXwl2BuyciQbQEcCaFRtMGjGbUWy79vgriCxRjoaX-A6XtPbJ2G0tXFPGbjKfPUBGfDiLVtaQpR6zR6zoUkwQlhxx-7m_4ISyCMiTaHwvBkPbAEESFG2FKP8Eq8fedrztwdUOyD7rdcW3Pd-cnhFuO6yPJ18k3NMtp7ICdE4qHhdWqZtXVx6nPYPga6toag.byieLE2xLf-FlbgH-QKIzw",
  "refresh_token": "AB117519310396Ny6DFz0pTB4WaA1JPhqTFY3qr9tgoELftjAZ",
  "x_refresh_token_expires_in": 8720823
}
2025-03-29T01:03:37.658Z info: Refresh usingToken () response is : {
  "expires_in": 3600,
  "x_refresh_token_expires_in": 8720822,
  "refresh_token": "AB117519310396Ny6DFz0pTB4WaA1JPhqTFY3qr9tgoELftjAZ",
  "access_token": "eyJlbmMiOiJBMTI4Q0JDLUhTMjU2IiwiYWxnIjoiZGlyIn0..zTAd4bCpqY0k9IwEIoVn1Q.8iXtGHQDfkbvN_33AZchTJtWRAskWvK9Pga8JHlK7fFSchf_rDG5jVBCYfH-dQRr7oHwAQ8tQ8QsbLTfFEt2ijqT7ELOJEwUmttTb4eJkWGYF_1q7OTdXrTuWCZOA0BIAlKZQIHGN32NPdSiafbehszlsqolADeHBGUlSNBGNtJzlbyuPbGn4XjBNmxLiz-93w7h55_3h_dTwGP6m8IIPz8ZcRCVUlX_xcn4T4c-Cxald0QBBiVkRAI3ogAyWWFVatzo3JkSF8fwe4NaEIQ0zIpoi9-Pgy91KSJ2mujxo-55Y3h59_zcKd6L_-82cimVVIGqxwLJG1M7AywMK_AYU1M9zhl2avWyJrOpexirXhpzrFsKJhdlAjC7H3cTNe3HX5c7xicpg1PvzsmBVyd0GweZa6jvJG8C-9JcYh1ejQaSmg9tm_63MtKMVnuSIhuzvYNf8_P4Fd4_fKfzQicnQSDAbeACGMBhFZUD111dDB6TtlEEb3cRP2h7lwB9BqybmxAg-RdK56iFhwXf5KSLPn-9sHCxQJhw33VO27vSIc8OiTtbfAoryxCWfEUvAMDz2qKDWM-UxWWOgHflp-IlXS8pNa9FR7D-H2bRQMN7cHmgnPagKS1dED_5F_l9MXMAg-2jdm3GwzT13myn343GH7sxoohUbF_tdycZAQ_fDyhWQV3u5Hp2uGyR-kEo3hGaCfUcXs19DOmaXzKtayGc7yQcEEvrQVC9bjvbShd0TE9EH_LIdG6zPanmKAERCdz0.3gBOrarz_wWQ1KF1-ujdXA",
  "token_type": "bearer"
}
2025-03-29T01:03:37.791Z info: Refresh usingToken () response is : {
  "expires_in": 3600,
  "x_refresh_token_expires_in": 8720822,
  "refresh_token": "AB117519310396Ny6DFz0pTB4WaA1JPhqTFY3qr9tgoELftjAZ",
  "access_token": "eyJlbmMiOiJBMTI4Q0JDLUhTMjU2IiwiYWxnIjoiZGlyIn0..MPgdozKQ_g_pBdZQPXjvTA.Kp4Rsem0L8Rg2w3ddfANtc69DG_IH33grljjIrBawYNv9eA6x3XuiasgOzcMqmvQe3kEdbmHJoRYHM9pcbJIKpA8l7e23rCVJlDBVmkGFcTtPWUSCLNhuEZZA-TGel5BZxj2TdhYr5aD2Q1-wFVIPC7fIMHFhOZWekdOffCTEczfKr5KM6LHVWL00BAnULf4gKnwqaJlaVz0CNnuVt01-l6KgA4eOBuqvDUc1dVKCj-NkpDsCZhA0RDa9WptX1jckXPQ915DlRbT5VMrC2W3cjssBS5DxOlnMrCTriTjXykfagZu-6ECTRaUUvbq2qAb4K210IYm9sSx4-aZHaFsLwssS2hg5TySrW1q1xbIdKoBXc7SU54up-fOjK0Q9GbSMuT8e1ZrkqrmaZWqAo07hVBqFPS2yPPJUMUrFoTWVu16c6veQo-KB9VM7gKag-HyNxY537OIIa6pCjL2huBytF5pDpc88k3JhmN51HR5lY6jHH7hkiHRsRKNULgrdRrA8bAE9J9fVxH0B96b2WRO2I7_tKP5VrWLElZtt_fpMI89Xf4mKxzH42OyoY2xezxj-NPv-NOVjotP-2vRMzuu0HNSuckm7EFC3hCJ9Q6yMSaX6I8FdENHxmkjIZfxg9GlxuO725d1uEhoqovoIPhv1MALvwAgOZEUhu-wPz50imANZA3QlheecPv_flQNL1Ez44HM39mI6HFzvKJVUCKOdyg7t0UOpguZr1y1e6IRDd9h6tCQgWedMFcd3bcKbqCV.mzPQHlOh9Ktz8jx80DrcPA",
  "token_type": "bearer"
}
2025-03-29T01:03:37.793Z info: Refresh usingToken () response is : {
  "expires_in": 3600,
  "refresh_token": "AB117519310396Ny6DFz0pTB4WaA1JPhqTFY3qr9tgoELftjAZ",
  "access_token": "eyJlbmMiOiJBMTI4Q0JDLUhTMjU2IiwiYWxnIjoiZGlyIn0..-liKao7KUcKf90f0cf6bTQ.Q4pOLxUiLT6rwO0WtAlMcwm2JPSvMDepOcZgM6DE_sJHMQqFcDiqd5LyyBSPVp83w_at30Raosfw-ExGN01TPWLLGeBQspufLVnFolVBi-FOoQ3bOKfm5WSkz39EE_T_zm6CWyeVkQMQzyMxQrUwQnHqMQm3yZw_7Rdak6Z2wwx01N4Oaq57zXFX4YwJKcvOKQ_8-pnX49rFA3qeOJTPYDfl9Pl_c9pvxyx9b29XizVmIzVuOl3qPJv8dR2C_ayQSV0OqlloXqOLp3otR2qGukGDQ-6WVfUKf-QX4DRUxZdbqeHBaSr8w5pViplrC58tZ7u_myt1YhggytSw_nQMMIi7UTpXgxpukVJJN9Y1oIYQ3XEPu7ARiLAaG3lBwrOXJX7PohMT418XPiX3ZFThflHqNZURPlFUfc8GR2hg0k8UNS3gKZqi-Y2J5vT_30CAMv1TkIrfwf2cRJrBqmGULm8FvyIARQ5s9K-UWEr0RYsfhT902ofr_OHaSWYHMSCLWfyYUe2faj-_E0kg_iu6dbm2PRdP7Rw_VRoHHRurwR146OwKy-3RSL26dxBxEpwltpWHEFU3Rbz_UN6kxQMNDDQmxXDGFNAaFC7ymNIV9AYXrjOyElYQ9WP1MED9v0Sh3tid6_kb53v5dJih80MmHolNiM8ZBLivkcZdZSlR0_27eZ1HDp9D7NTHSrhQOXrNOMy63GjsnCmbQVXU8aIdglFCy7DgBMuBT1BAvzZug_BbUefZyxouLau6IMoVFZVI.jE6ekBYKSW5rWQrsWhODFA",
  "token_type": "bearer",
  "x_refresh_token_expires_in": 8720822
}
2025-03-29T01:03:56.526Z info: Refresh usingToken () response is : {
  "refresh_token": "AB117519310396Ny6DFz0pTB4WaA1JPhqTFY3qr9tgoELftjAZ",
  "access_token": "eyJlbmMiOiJBMTI4Q0JDLUhTMjU2IiwiYWxnIjoiZGlyIn0..f1bWXCmivCKwosAFhZTvxA.Hk-_GR0oZrwAOzvawnqxCnvFGta66R63CP7OCwoRzjff8dNXDN7Srna_GoYQrDsAwRvWXBOc9v09MfKkAVPG0-nY5g2Y0lIN9fwzOLRLysP8PAvrwM_mxuLVY4TcLUHWpbLHzDB7SkZzhs2TjB7n9oxGf7cS9GTxnzSN6kBAHcpKpsdgetM21M8P3gGhOHIiVWVF-Cmj6djZVCg3jn_6aKLkVpQUZuymRIA6oKLfVQpgPyEyi7ZH7M9H58y5TDReSxf_Tte_M9UtuT8NJ3QOgoVlHH2jjI8nulKYAlSnwmTM2yXPYTB45Nk-Ut02QnJ0AId7arCv3oBMfyExz2nxw3fS7o6pZ6pY-C3hUeYin1MLnZ3ubKVhxozwrwMwLfDeWZr4W65zHDs3qgtTfwXqKgawpmvXAwkt9PF_s-JaFSA8jhE0fu-XVY-2XG4e948CQmK2fwi4Xs27L2K9fiCVHCORMKkwrjbZWiMM6DffrIQH3jhCO-Fsv83-HWgpwBpb5KYZs_kG2uHRhqrDChVwCkqpIx66z_xc2a6VLV8niq-DVSwR_tpo9La11mOKnBgJxWtmjOCPdr85t156FSvIWX1YXfSJet8FIgqMGmazyu72JIviLdoNKLkWX4n7Ojmoh8Wk16BCEnBQdz9wnYo554OPmUVoeCKIPNJc01OXVKSBpH1PhYEfX07gDApdEYWMsOnWwGA1y5loRyaZZnvVgjnWZ6JuZnBvUVpEwbpXXFo5PckONruUbh2LT2IpXT3A.xFa1oJZ-0LVkA6uhCgO7aw",
  "token_type": "bearer",
  "x_refresh_token_expires_in": 8720803,
  "expires_in": 3600
}
2025-03-29T01:03:56.778Z info: Refresh usingToken () response is : {
  "expires_in": 3600,
  "access_token": "eyJlbmMiOiJBMTI4Q0JDLUhTMjU2IiwiYWxnIjoiZGlyIn0..WpR3V_2HQLOTjG8ta8-j7Q.vEXQ6IcBE9u0KJ3KMjkUapmJvXjW7DWRourV6P-vFHFGjuJ52ScDtBZw6XM-LnenfOgnLTpk3w-WEPOzEMC6rBNZS17HHvMBaTGFtzUx_Tz7C5vVVsd37_u1Pk7Fv8HPeki_REZOxIe9Z5bFIxmOHSIKKfN3icl7vNslGn1ZADpEGNcYmQRKbPwsHLSglGkWgSfIkA-HC2Jal1Dd_QzW2HVDHTJQkkfaEDFJG1o_qlphzvNpUD1ua76Hx3wkgkhkwrvRCjlH4PMZMmgy58N02GtYHDdNq9-YBb3u2ci-or14SJmBZ-n5bbxPxgErWNd0qzhwh1gl_-rL66G-gp523WLG_QemuRUWe1KRj_USN8q9ou-GeB7sCa7gT55AGjFTmhO2Q-xQA52Cu5lr91x5fcWY0gWqNG8VBxBKkbXu_H0eKKkA6e1RhbSWaDZCkGo9xLgl7PLkElHEDHFK9c-htbszafvz43Jx4Wphx-FO9nI-PWOuxyZGVdBBpD8YUFxw3mMdzA73dvM5F3Sw4Q9WK5CQokxpx4LoysbKd8Bvb7IhuxdWM7M6hB4cLec2PegG6VieDcLg7Fu0zURTWxqY-UPHw6cI4P2_VonNQZ3CYyfVRKherwI3Epfab1ahYTgOlpUZKCecxzLDCFIbxDQqCPHwkI9GyWxwOY-XbYtoUeCE59cijwtama7NkAnYMRJuxt0ceQwIgRHuAI96eHC_2FV-_4NwxXZiFf-ShtvGy_uD2H-UKFATvJwyLO5lbqWq.eCtqED6p6-kFDPlS0zzSzA",
  "refresh_token": "AB117519310396Ny6DFz0pTB4WaA1JPhqTFY3qr9tgoELftjAZ",
  "x_refresh_token_expires_in": 8720803,
  "token_type": "bearer"
}
2025-03-29T01:03:57.766Z info: Refresh usingToken () response is : {
  "expires_in": 3600,
  "token_type": "bearer",
  "access_token": "eyJlbmMiOiJBMTI4Q0JDLUhTMjU2IiwiYWxnIjoiZGlyIn0..Mfn8cyEpoicbGQQJ4LNwJw.ZuIGWKIoKoWwWQSjsD6ozYUPD33y7BzsuEJrLiHjnlPkJ0aoM_wdXUIaIeHObsRcQwQgyts5LXZAW1n9RWktuL_7ACgliGODhEa9gryrj9DyvNLNPPO6e2rNtWs_86BXiTwAr2t8k9CdKe68hwiG77dArhTFVW39ofI9AYf0BPiRD2IXIegCC8aFa831SPaQhWeAkspRbc8wMMy5v_xWz4Be21uSVMNkflp5uqtw_Sz0DV7Pu9jM1G1XXy49m62VPiEpCixypYf6gmTndb-fDOb4aWP_u0VkIfAn8KOPwXEWs26qPZw33Ms6IdX8e81NGfasOeac_xtQjf20XIuF_k4tCq5Z6Tin-aSVreb5BHbCSs-5XWS3VYUFsK8wEoJDAobw8BZ4vHWmAbAJ0NL-QIO1vA8h0EJILvoAZed7VaIotpQkoDSvS8DI-jvkbMJaG-NNA5lxtBszqQip89ScRqIZG7CQBTJWotVVWDcTrOi6sF3nVtzwNNLCADpoCuWZoEQImc3Sc3dcSHliEV7ne-YmXVHH_vdNWC6Sd6q_T0fv0kVSgBWPUxQ-W36JWj2iHcgpPD0wLBZLb4d4aB2cS-q3WtCQnAGBEjVPWvynRRmSva6O9vUo1AOqZ-QTL9eCuyDX8-4EQxKcLIuzu3jir3IHR1NfLhtDLuNJwRtP7o4Rv5EiQ0qQC2TnG9HdmryzI9SwjE-9Mmlo6D9zNeYKbxcfD40QE_RuD9-lIjazWgPllc1z668TMu-ouajy0eYl.C4S_n5acuhxOf_7rSCAb5w",
  "refresh_token": "AB117519310396Ny6DFz0pTB4WaA1JPhqTFY3qr9tgoELftjAZ",
  "x_refresh_token_expires_in": 8720802
}
2025-03-29T01:03:57.768Z info: Refresh usingToken () response is : {
  "refresh_token": "AB117519310396Ny6DFz0pTB4WaA1JPhqTFY3qr9tgoELftjAZ",
  "access_token": "eyJlbmMiOiJBMTI4Q0JDLUhTMjU2IiwiYWxnIjoiZGlyIn0..FVtA2oXUrARwAe9_35l4zw.aneK1HmAUTyhdoT5pMOlVSy6YQlTjx42v5ffiAZc17u80uIiiQ2KJudH8DVqpLGFtL5ve7QzBriKLoQXOYZmaUKOUW_WoyKEE_yyIw43jnh5LsSezZskuWvCOrvUTGQ-najMlu08CjSXNhAwV1mOryVUplEtS2SRmanfQ4wpZCI7F1lfZXs63YQr8TtCETREniAaLc-dwqRGnfu6LqvBH-TGwSD8vbSyI-HF2QTiIrUdd4dT_l6Wi7qvS-5E86QvYXReZwuPaij8p29OYqIfHJtHch5HcRsKtpsuHc4GhHi3LYwFF8YSfBudhzplg06khaFEINdQ9BoAm6lO6u5MTbO6XwSFNmabwAmgObnfiXUpyRH2N4HlggB5V_jan6k-_U3hACAxo9rzWMLS7geDqxWcLEgaNtlMg5CwTUi_3i1EYybR8bd-hssb1p-ugKgK1Vv5uexdmlY7kK20oKF4xc0O0mHr3x9gtGZbgFo34Il7HDPAiqTxmw3TqpjhBs5M7TKufgMP3l_IamlA2j-cwxu-GJvMJ2tFWs0lJXHV9Ktu0lyL1lv8boy5SZzm5zwDzMafr2hZPP2KdXLqzFFB0Bz7Lh3srTJgEg_2tY32Fnm0GonpyB9h4w9NwTe3Kc4tRTRFK8Stf4EKAiq_ay9hDbtNmgI4wGm9iKu1u-wCsneqFkxTJDPVMU3z2IUrskEhICK6zCXyxkEluoE-wh1ByINuH68Fq2n0F7iNkDHnr-1fQ9B7pINXaRji1eiat_8_.PvzewySoh4464l_dHBb0xA",
  "token_type": "bearer",
  "x_refresh_token_expires_in": 8720802,
  "expires_in": 3600
}
2025-03-29T01:03:58.028Z info: Refresh usingToken () response is : {
  "expires_in": 3600,
  "token_type": "bearer",
  "x_refresh_token_expires_in": 8720802,
  "access_token": "eyJlbmMiOiJBMTI4Q0JDLUhTMjU2IiwiYWxnIjoiZGlyIn0.._FRqwurBH4TvRV6FZD8NWA.9yv6FmxGoEjD80OSNclMOCtRNvqyMwrZ8FgOa96KgsEYNOYGBcvjci41WcRK1eAWZxsl7cC1M048JgJp186jgfaCzFUhuLyCvNnFuDzsS7dY3TzTsmsXd7rRqGVQ05NwEfuBNZI7jx5OsKUgoljG2Z4xJiGxrQZGK_kDwrHjqzaifEgLdWm19sfC3EQ5ZXmhCT-_EHJV6JXXeRo1DJhcMmBKC9k9VHAtkrmW0gqD5kmsQq4fRW_vTwQQwSLe6uKEmKAk7kIzJb7nNYhovSVbc29uvtxgwaw9pgWVTiQt8fEjKbtGY-dAhnpk2xzzZQN7-GoIUzhYjlbvks4eNT5s6w18tkP8v1zYR40TIyemwbfG3aOJOC3sLKhdW9m-ts1AI8pp_uGmAXCEkgYLeFAKZldwddcoO3ufYVLuK7Bigvv0rhkRQ3louhCwIQUsIG1_CNpyMXuCFWOlsmPkZGSiXn9MRqKp6PjEdaEfO8lMc6Nw7NTtMXUvcw1LFL2zbeKIWjXkBwGDtmRdS0IB29npuudktYRJtmCqzUsoT1R8NPfKFH8kx80496ElS-zihjGigvYiGpupNNlrfBPWjY_9fZjabrFiOv8jKQ_PY-1eiRyET_0afMSvbsSlW19HXlcUIC_YmQdfu72QY9XztIrArRvUTfWoZq9msS5VsyY4uLxys42elDwMe3HIQdmiWkUE6OhaArKqurKo2L58jARkWgtfh3P29dSifxNgFA9WEQ2Mrt56RVBGcaIQK5yVSxNK.4-4Z8H6uipmGCjBBeqI90Q",
  "refresh_token": "AB117519310396Ny6DFz0pTB4WaA1JPhqTFY3qr9tgoELftjAZ"
}
2025-03-29T01:52:06.586Z info: Refresh usingToken () response is : {
  "expires_in": 3600,
  "x_refresh_token_expires_in": 8717913,
  "refresh_token": "AB117519310396Ny6DFz0pTB4WaA1JPhqTFY3qr9tgoELftjAZ",
  "access_token": "eyJlbmMiOiJBMTI4Q0JDLUhTMjU2IiwiYWxnIjoiZGlyIn0..sQHfxOne-TGwqoyMZeYtpg.23H9SeJAQjMMoDsB8g2L-oUijuW_DbszUG0ZLuWRbAcU59JJZYm8t8cavI3ApvPEydzwBmFBICm5AJ83pWeD7gyMeyIOeOixuurg0iEiPpyrkRGDnf7loDIxrhCPb25BAClPSKapQjfedUunerh_ypwvMMXYcdomBTHwOH1J0wIoKxGY2vQimiuEJDQLZAO-Pn69fYlJoL3pkJztAxiUPW8sp7BEtZYAibC8ZEi4hvOuFhiZQXFF1ZBFJ-iHKVeeSS_hjcSHhmttAPgc3Lttt2OlXDD6Ul3PkaJ50agkAMnJ7PYVBFpQE9f0YO0AQlLZbX-GqyzidTyXobp8OZb4ZjsdVWMHfLRLTEW2KUKPDxPZ2a4xm8xZPIxNctJCBUH4AhJF5DUnoTUwJgfSotnAJBsryFs8vcCuUuiqX6ecoYzlHfcCoKcKjoQAxZWFIm2KZGX7XpdUrMGvxWXcwiQ4Rd-PLaC37aiQFRKnyWYeEIJFWBd5Cff5GrTuf9jeQ_dHFpNSwPgQDWvapDnL9I3oV6brWhlWYfFOh8CrCOjVwWJ0JRCUYo3ri7yBelw0sns2BVK8Gwt6atsP6nMQ2HHJgkx2buS8A57PtYdzrB8UVw9DUO7TH8Nce-Tc_pjWPVVITKrbBx--gYYHzBYi65TOpasQlxfUSI24W6NenCpPPwAWHPEUva_7A1O1ikN2VIZiT09aQr9CQENSPfzgcfGp9DBOrTzHnXzOl2hy0vWb7PjWequPX6sXipDGx7y09lv_.Quhi8xlmS-iunmRM5_fQ9g",
  "token_type": "bearer"
}
2025-03-29T01:52:06.943Z info: Refresh usingToken () response is : {
  "expires_in": 3600,
  "x_refresh_token_expires_in": 8717913,
  "refresh_token": "AB117519310396Ny6DFz0pTB4WaA1JPhqTFY3qr9tgoELftjAZ",
  "access_token": "eyJlbmMiOiJBMTI4Q0JDLUhTMjU2IiwiYWxnIjoiZGlyIn0..fNgkl2aGe9FlqTY7E-kqOA.OM-sncCiSZnbNLUyzLeO2ry324KuQzjjhp0ID0KDfXox1iDp_fiEGLWXrYt9YFSJUH_jAFrDie-CtxXXE9BCoH9N1mMFaiKwoSpz8tGxm4fuei7jUQfphfSfANv6FYcvueJYQ4_f_vMRymhqlnyBKeEnreGYQsCfK-61YRVQulU9rQJS8a_QzXJd4i1sZk1FnTHC_hNECSEhLrCDdOUlSPjobVCgGILUjCt6yVyTAsU7Kz76eWMphIbfqc25ro2GHs_VU0BbLT6CzQVha-9SRE2ksGfv7kY9Inqh0s07-FKFun0oPejCuzYW5OHncTn4eX654tBcOTVfOrGGrgCG3n524OjKakTNvGCrqWMA-lelApf3bPk-dI8peuhog0UdJYjsEBP49V7Psuru-D-hBe-GMRqDC7LRT84RSTrCSoeBQAcOeF66ot58XjVQTJbNbKesM0XEnzA7Yl_G1ng_4Nx3eEH64b98JLAd4jsaSMhlrI7VfbWPVBSiZlVD5lI5QSPXwui-Nd56g7R6p3gRH7e6t2k0YxIrP7QMFoNmhM4PZcKoTZdXH0wUuMq7XMB2YI8HijVMACDm7iAKza_yjEg8GCmEV7gW1yYYq3NWf1dKZEg73BQkoTB4u6CEJzat0ackQqH1aKrq1JROnZxPwix3_QZPMtoLxdX818THPimFq5HqaOr0T3Qc-0OfS2NnHdphwGugK-BB90XMlr1WXltBC56xjEzJ0Y3-lh1v87h8SsAFSFl7WdloSTrsfkLi.EyKrNSJ1b0RSk_sg21iKqw",
  "token_type": "bearer"
}
2025-03-29T01:52:08.179Z info: Refresh usingToken () response is : {
  "expires_in": 3600,
  "token_type": "bearer",
  "access_token": "eyJlbmMiOiJBMTI4Q0JDLUhTMjU2IiwiYWxnIjoiZGlyIn0..Nt4duahOYvzOmPXYV9H6Hg.EtjZ4cWtBURShI1ve5E4Mj3AVnxgd0E9lmnt4dWXLUbRrA_w26Lt4wSvFZz-ybNq4Kh3mJhuZGx5vKFHpFycItqdkB1D9C79fKYWUPGJRRGaFjSFvkGOPpjBPGKoO8DxDfS5_6YjVEkBGItPRlmXj9w2zMlaOU_Aq6M7vPglyqHQy9r3oHAJy3vz5EmNqr2nRTGIt01wy-7ZYyQFZO4hBeImelyQxvXKGiEwVDSivd9WPcjiosvkcIRnw-rzA5uTe2jOtQUD_aaIriObBuLBY8nMIpBdOaqtzM0Tjq95JocIl_HHwz3d5pp9vQvrjmvUMk1o6ChoAK7VGCmbpCiyHOFWY_AoRU1gh9COO8ytjAYicv9_iOhpBWLXLDjbqSwbTHY0gfQh3RiAxgVuW6R7Nwp4Hb7RWFpDq_L5xjDdbahB-0b47fPerRErb_dF29i2cbAQKo8r8c8vlflwb1fQZ1mKXL8DS5J7u0XrTBR4D7V6XSqYJLhUct4gV0TA5cowsGfTJItKrztRPtFkSgt7n_GZ0p0FgwIiyA3sM7ObTOBPwVBrtc5kKaZs6ffkdterHSLUpIvrdQuVTD5UhuZNbgrfDe_3GjpqVhrbZjpVA7VXWqwWHX70E5aQ4_-FPhzgrKKVxb9HPrb4ehQXUWrzQuJCyrPv3oc64G-QBhSchvsuhLs-BHs6ZPLvFXhykY2Imkw2JV8ne0BhRLL1bo-DzLju62G5v3dgi584h4DYoxNtvy3zP_kQGGbQ75LZvrp9.4E1QoUPvHMX4BgXGE5dhvg",
  "refresh_token": "AB117519310396Ny6DFz0pTB4WaA1JPhqTFY3qr9tgoELftjAZ",
  "x_refresh_token_expires_in": 8717912
}
2025-03-29T01:52:08.363Z info: Refresh usingToken () response is : {
  "expires_in": 3600,
  "token_type": "bearer",
  "access_token": "eyJlbmMiOiJBMTI4Q0JDLUhTMjU2IiwiYWxnIjoiZGlyIn0..iNF3E8qoxTs7j3gyogR0Qw.a_JyPNWzNzErojL2l76P4Sv9CzysxIm5w-UdD1CgmoHyxHyYE8krDCW4uPj8Z-MC0O3oRexxaCujODQYDD3cm6jLI2TQwegNGhjBtd04ZNKZIczPgL_tbcY8QzuXyKywd6oiBMK80CfXSJZE5Bn26kJsJy2nonwj68TASV85TI9MjEt-Cprrv_dwe1hV-GpH7gjly-rtdQF6B78rx6NKtL0lOQ6arRk8ZvnG6c2fiVqfTOPdthUleG-LNb1VzQQ2X7mpMCdTPFfnoeL5SdRQCwYngOxwo1fGtugL5I_CCSXcFrqvrPNEGGMVeyjjXVgGvZDM6cP18ry0PF81b2DZvrlpjcvpJTOXT4BOPiBkfPbxxuNGp706HL1fd-bzXNbUR9LUd1FUrZKRYfmnAUKhTAgaKmkEPM6_ZDCcT70DiuXH8one2EUgS7x1Pt91oL72wmB8nez42PESWnPUJ3RDfyOauWw_XGIMoY8MB71A8JOxHG15qQaPvnyaqhM7XuybhWJ7kuKAIjM0VSImQKxFN4vdOKOKAjuZ_yPHtSwLkE_buHiMZkOlU1ewcAQ8iWZKZWC3FeVqJ00AcQYjpKmyl3NWRnti3UZ8tU0d3Jl9iT3EP-tyNKpdafGcU7dWm5brsLsmGEdz4MyEk03puROcR-SazBYb-Spp357djsJJU7UEd5YplSGoXJeUCaYXBjrtUAXg8iw28cL4DjRe7x71TkbJOExlEAdaibdu8aTSJtX8xrP9iCaA4dmZ086gEOuF.yZ0ghHBCi_iBbk2HIFqgTQ",
  "refresh_token": "AB117519310396Ny6DFz0pTB4WaA1JPhqTFY3qr9tgoELftjAZ",
  "x_refresh_token_expires_in": 8717912
}
2025-03-29T01:52:08.366Z info: Refresh usingToken () response is : {
  "expires_in": 3600,
  "access_token": "eyJlbmMiOiJBMTI4Q0JDLUhTMjU2IiwiYWxnIjoiZGlyIn0..6Y8su6WmPfczaIf62pCYlg.ftrxqlvW3Je8KoMEtDAMIAaVL2nvU3q_9i8UslPY6GZ9_YRbF6UdlqYJqfvSFtGmjgwVGLOQPd2PU7wimiIFYsZcbhn7uvxVbpLUIpzmOC-cGq1ftVZZqJ3TV6Gs_wGg-7MgiHWQkWR26KIoF6u7bWjpNHhGDlINCB3sAKhHQ4_gGkzZwtyAcchglSEdItoOXPyBAa31GF45IezDZyL9EtfzRgtwcAb2qK2dkZolTUF4yoXqO7Q8ilPNM9cQa7N1kpRngSNddM6fxX_OhAeMv5HIlSF4JIR5_k__wfCiwb5szKkN_jIloUjAaZmNbFoA3TWStk8vG8usQRRgPJ0hlCAimd9STkajDZ1HDUETT4MFUiZgfGSM-0tCa5i5ArQBHXvzvzc0WsCwidqTBppsLc4gCe3WC10s8COs6kXp1baLGChxr-XwO18GbtMoiqEKMtSjNrrFWkFLrlUKH1cbGaiHUIkjQ3HC-F-qLZ2CFf5K3Z635_0YUpz1p05PIeK3ZkrOmKydK9AQRDhLGUTIS3aeRu5Zug2LsAWmPew9FlfyBDEZveRPL6e1t4OKLpKzRQAm6qwVtq6B5R7EuqNbfckT_eRa65uNgG7b9q5CTQjHApQw-Mldz7cuniCP_Yl7_2KuU81cHOG2KQEvgrIeKUK1zdKr6H78hGRE1Q8hq6kEzsCVaV0qqcCI38_IilYEEplBapSfAfJSWWBFrGvunUkJ2ES6AV9y7zqhpbybEw5WzYsG9WNd2ek1P1D8BeKM.7t88PoLo09OPppinoKbq7w",
  "token_type": "bearer",
  "refresh_token": "AB117519310396Ny6DFz0pTB4WaA1JPhqTFY3qr9tgoELftjAZ",
  "x_refresh_token_expires_in": 8717912
}
2025-03-29T01:53:33.812Z info: Refresh usingToken () response is : {
  "expires_in": 3600,
  "token_type": "bearer",
  "x_refresh_token_expires_in": 8717826,
  "refresh_token": "AB117519310396Ny6DFz0pTB4WaA1JPhqTFY3qr9tgoELftjAZ",
  "access_token": "eyJlbmMiOiJBMTI4Q0JDLUhTMjU2IiwiYWxnIjoiZGlyIn0..GQ9n1Ae4SoffNOb5oKeu6A.CA0oKKfron-vIlYS7lvDu19IIFkenieZ7LKDbj7DUJr73nTx7CsJ8g38R5y7BMYQMltcyFzQbWFuVreHeTiwyH10qs7OdovxBsnJNFZP9qryO9Pg4yZIAHfNmPBf8eHa4biK0cmYqgXCkOQTILKrE_SKDqota1hm7uNKI0jrQ18hiyhzxcTCVtpc_LUflARDD5DqByp7alZpF6_qwmyBNpZMCwbpUjANcmVgIFm4aGc3Up4EI6tXw3kEO6VQl2RROk_X5VEn-eBh2Moh6IY8afu9M7_Amdo1YZd66nrXk1cKXDTHaFrP6Rs0ECSBITPfoVmqZcKWrY5-roIhzEB9QUtNC_GqUk7tE8l4CtH_yLRacVkEUxOdJyJiO1fQUSfjyHv7cV535YbiBPRGX9gldfLK5xHgklF9GxmPHjnArijuS0p0ibIaWa1nID39FR1SwvoU_kb_E9YMDBBNWhrxMTtDny4RIXVhWgGwOZFqA8pjiPcykUlKbEr_tGGL57SqDn24O-NZJmjDZJWe2MP0-aDBOS6HcCproIEpHn_h-tsnfysXMYBPVe4ZrFTDQZegocfgQrnCySIYuT0HVZ5auOC2bdgQm2-iuSpeb0kGAnG10yw3KKi1UF-Cb1SjIgcptEw03iIAwUttWiCb87HLYLtuooMn7ssc7JuzRty6s-UYPOrYUX6YI9BzIZNX43ZDOyUsT19OWV-zsRO5Osyzmwv7fxmmQNSI5ZZ1YiccXFR6xH-ybOVlnTWyayl8Z53Z.6yo8t50EljK4R_4ErdaoiA"
}
2025-03-29T01:53:34.280Z info: Refresh usingToken () response is : {
  "expires_in": 3600,
  "access_token": "eyJlbmMiOiJBMTI4Q0JDLUhTMjU2IiwiYWxnIjoiZGlyIn0..yOxjlF3FeQ8oL2-hAMajPQ.cuAU7IsNyKV6bBo5PH9ZVbd4RFRJ0E5-gVPPntUrzmnEt9NvaaL1AEaLFdHRgXovHsHqId0WMJXObmiFbDvl7Tn98owW0wb77RWnnEATjcME2veUKPVzVI4EUkVkSo85im0eNvV2ey9L89YXx_Z8z_Zjo-vjVODW1uDbKd-DNaqC7c801WLi_oGrC15gWxNfUzFGToT8fQYJvonEAAGDLWOBscBJi3VUnmisrhyqsKfCMsl-CqiwIOyIn0B4-6HuEuqQd4XGd0t8OBVXX3wIEB11bu1n1R05-kV-w_iCfo17Z0l7G8jXTdoBJz3xuAB46x0heiQuiLujFfu3nlOJ3D2UnxKQxw3qE6KQnnPUveKHqcCrLx0V2Y-aVm6IhkiKnVjtvFAzvsSrtDIMK9UN0WFTcSigzkA37Xu8iw-tu1ZLHeVm0UwH9GRKOwUC3BANEKLKS3mGOrzb4mu9hbIY6u1iS61fPYsI7hF-uzUso_RyQcSF4PHhDVt2Mkds-4XwpMoIJYdf5gIMk74KVLPuem4G-Lul9Kb7pIa5QBAiF94UEZCpDo7qBDJ3uzulwmnIatR9oZab6GG4nCDc4WuyowIvZPHG82yQ3AGL5swmpRtIobkqzWd2em3bmpHEHNXAUVCS3SXobU7k217tx9TsKOaRdikn-OfHxNhujk5-P-LRdDvIvO_yuQ1koDYiimgMBVkHmMBtmXAdOTxFlkRDrKkprUTYg90o8lI7b8EH0X8DcvHv1qBeJdN2UvxqqxgV.Mzp9t1-00FULsnB4ftdbxQ",
  "refresh_token": "AB117519310396Ny6DFz0pTB4WaA1JPhqTFY3qr9tgoELftjAZ",
  "x_refresh_token_expires_in": 8717826,
  "token_type": "bearer"
}
2025-03-29T01:53:35.120Z info: Refresh usingToken () response is : {
  "expires_in": 3600,
  "x_refresh_token_expires_in": 8717825,
  "refresh_token": "AB117519310396Ny6DFz0pTB4WaA1JPhqTFY3qr9tgoELftjAZ",
  "access_token": "eyJlbmMiOiJBMTI4Q0JDLUhTMjU2IiwiYWxnIjoiZGlyIn0..Lvx1YcjAk4s4boJT2DKhAg.xQ0xaoYaNT9kUybMqIX3D4OFKm6eeNtMMF0O7Uw83x6Ahxx3htQJfMB1peJZTjE98UQc_A0WvsbBf4rHRuFmuHNbW6rz_RfK7XZiJ1NBnFdJ4oRpHCssyLxvLfsulsBpIRdONZzviGZ3Ec3IiumNdCYADrV038PM3Yp4aRt4BqCrx6XNzLOGmItcHZNAcRExUJmOeKppSpe0K9OegF-ZupIOttx3AjhBstY_QXP_tWlcsaMPRJbJ-3ZTts8jsmrQNm4xsgW1rW1_fxBiEKc3J3Enln1elUwNI33dsfPkMFHAenCi5vLm6Fr081x2OTqzmi84z-kIsJ5iQqj53nLRIBiPanWymDx7qXJQAaPchuSCCWZEluUhH6WlQuAewpaBuSiXQCz8g57aZrnFmhIVO8cSxPkFMyHdFdYYhRHHIOu0UaeY78hPCpJ6widwCCPVnKIIVgBML2xokyvfFT6vTWm0cZ5h3OvSSIzIazboS2u5vAwtJOz4npx1oFtGpTNGC6v-CEZDKznnuCtocr1GcckQ24QHySsV-fb1SyxjeMuPIY45cNYM5-LmawcHpzZI7mBtgEj3x1M8b4564g2BZ4ajlIOXEczVBDFXAF1oJHymS4lsMJcDDg8X49dHEyUYLUy0WsM-GsHo79aiPRHuT1PgyN0GGGhC28svuvlLdMKEUw7OGarMIECbBOkUcSnNtPn9Y4jbpBNxGnj4emYLF91Ov3mttoJhSLumFLh_yuBOK6Y3Z2HnxuwLSuC5PXRJ.hB74XczkJ5VyKtvFqlxwjQ",
  "token_type": "bearer"
}
2025-03-29T01:53:35.337Z info: Refresh usingToken () response is : {
  "expires_in": 3600,
  "token_type": "bearer",
  "access_token": "eyJlbmMiOiJBMTI4Q0JDLUhTMjU2IiwiYWxnIjoiZGlyIn0..4UwroDbMK6kEpxMZQM289w.XRLkC-TRHsfz_5F9aA5jtEmi8PiJ4GglOwCoT-yW4smwcAEYXwDEUsu34i-iopw3_jh-AgL8fHr-zNq1S9ba_JXknHuBgx0MuYbekUNhsrjbpLRo4k8OmVGskHHrudsdUon0DaOWqCbZN1FLw_fdYSsDDFX8V9iNHRX042wT6JajuQT4hwhO66HmsWMZVbuYjLN-i-ZEu-IDjjsEBRpxua6_i2Y1XE4BlJA9Nh0Ckiw041cEscY_SXB4pjWAAFyIRpr0ve69CCcIiuoeXmrphrUEw-6fCMdaaR230Bl28918_3dh1PzliXYE6EzkmPuYZpQE6XdRuyJEBx4EGiHVuWQ5oPzoz3dZsQQsE3exX4u6FjEbBobQWWRYCDWEJTEl7StgZ_VIl8U9tc8u_w2MVypoz_Ji-2GI2h5KOzCTmVp7TfM9AbiKumUhVB2mJkf-PU6Im0UtXZhmlzQwx5_wS8ki-VGI5HGZLv0PRLhRfKGObAFwnSmZZVmNnNdHcoBrWqEoq2m_DbeTlwEMd3hnNRus6LuACz5rsb_rJGtwfnjCscV7PsZe2SuHDgTvkronukHH73ilLTV5iwwU4WGf3unwnqdXoEDfOlzRVLBePEldP8P1f4Ken63mIZX3BPVCQoDxjzFflak-8cSz2wvLSSNx9LtHb0tAlN7HdP27f02R75hf8wAzm2Pt3jy8_ovaN-W-ea10poERlmvj1Dsrny4qn13AOmQODVlPP06QeA_jgU5t88el6qCPKpFVZ1Re.uGXZPhdzqY56f1Y2soNPNg",
  "refresh_token": "AB117519310396Ny6DFz0pTB4WaA1JPhqTFY3qr9tgoELftjAZ",
  "x_refresh_token_expires_in": 8717825
}
2025-03-29T01:53:35.347Z info: Refresh usingToken () response is : {
  "expires_in": 3600,
  "token_type": "bearer",
  "access_token": "eyJlbmMiOiJBMTI4Q0JDLUhTMjU2IiwiYWxnIjoiZGlyIn0..pF7lt6IcdKaVHRTT4n2PHw.NTEmxlzA2d-kUQsyM5IF_f3OPFpGcwkPxrCFdeLl38VKuZsFi2ZAxqA_YeUe0XUSA4XYo52C-bdaZKJE-9tV-oEXghApSHJ4nGTZu76Da_0UkXs1JOF-A7AeZnwP5Hs-sEtE7OeRb4LSzBKqaXFW0wqjeombRMZIZIhylnZ6NUDfqsDB4Z25lTg8NQTHwFCbvUImAVlAnDoxWHZtP9s1aYdEwfT5PoOdKGYuwSqJx0WwPmnUm34LDgYwkOY2JHiYsMAvZWTyTbjsQF8MT5E3VtQg5nN2HRNfPZGD1nibqyGHDc67VLKum-F7DSEXWxx2FC5x_uL895wMmMZlH5sipUQpsE-doBfqMP-taUI7Fy2CHU_5YZH-e6iYkLABr__PNkMkkh3lBuOf-SArV3A5Zx2icKT3FaiPuCEa9UzU1_YnmVIgvY3qiPMGAHM6i2IcHkLzxkA-3STWO7XTaUYGN0QwWwjTBgyjHsrcQ4EKimUCCPmGFCwKvN8zH4dby38WZKxdRDj7T_abVzNDZ4jhAO6MmbjRDoNZx5G04ZSlh7gjZKCs743jtz316_uS4FIBEdLXLq0_7E6g7g93AlDy112lyvV52jPh4QlM3iFdFvxh7r8I4Ua_AG0wWhBG1ila5zeyUdRxBzWBUqjv3NWWNcg6V--gZ4AA0kEBnP63CNOpkkJg2loX3amjvp1xgHCrYQ-29iHl4oXDuFK1ZELuXvPj_8Z1LmvnO1TUZSsCXWYNzr_AwHhgrroJZUXsV_v6.gQ2kdF4y2EkrzDx8WocKwg",
  "refresh_token": "AB117519310396Ny6DFz0pTB4WaA1JPhqTFY3qr9tgoELftjAZ",
  "x_refresh_token_expires_in": 8717825
}
2025-03-29T01:55:56.151Z info: Refresh usingToken () response is : {
  "expires_in": 3600,
  "token_type": "bearer",
  "x_refresh_token_expires_in": 8717684,
  "refresh_token": "AB117519310396Ny6DFz0pTB4WaA1JPhqTFY3qr9tgoELftjAZ",
  "access_token": "eyJlbmMiOiJBMTI4Q0JDLUhTMjU2IiwiYWxnIjoiZGlyIn0..ebrwq24HwgIet9BO0MS42Q.ZFVYWv06Q254VrHL2UsPiPCjJbQzs9uyVr_Jf367eZOb9F3u8LEDbJNXU6s3H2zF5eWqbcIBf4gMsCf18_GqJ6w2-KSuG21ki1FbeIoskA3pGiTTlujl7kI5Nk7AZWTa1qCDSlwX5wcRxSr5rkT4ljgyeXI-5aycKk5FnYQ_3Vgs89-shcJOxAB_RfI6FVfOqx02VL7t0Cy3ll0HR3fb0EelmUFZ1fRrrFNOyCg9GaVSQNSqvaD4X4Lcy9O9NQ84ij7qPfM1AgQ3hUX8_UlAmkeJs1t0tOshINfxGJnzTmXulkggNIomIkfbAhC7y-_Ia6uje3dUtpPurqs1DiXwV_zhWOiX76mG4wC9V2GSdMronWa1lyIOAiv5nljR6P2TKZGmPFrP88jHbPxn5oXdWvisjxW_G8H4I-dlRSlOk3-VY115mSSqOMVyTFwcnGK0yuUChxTSHKHDnAijVyHig8m6E8IinYQxj28TM0d5y_1dqTigR_p8clEFZBRJTGwn0HVDV7CL1vY4AgfKTBNCt9vp-NWtKTWtWA5FcyhjNnMJXO05v63CxOvAfYGlXPUXGfrMKCKbVRjppj8qQi9yRaHtZ_XFQV4VJfjYg9Ml-7V1YUfx9RhvAg-wAk-ScCAW3_uYV2blEHAyPaQ-xj8FfQB74p-ziVVwpM5Qbn7xcYHggjhdQbYxSJtg7UHAHvtmYeYII0LQX9SfofHZ9Lx6d3sRxtUfWIxPB14_VgyDXp1FDLUO0oBZ4b-fGnrTv8JG.8fB48RF-RvMfgLuC6CrjqA"
}
2025-03-29T01:55:56.699Z info: Refresh usingToken () response is : {
  "expires_in": 3600,
  "x_refresh_token_expires_in": 8717683,
  "refresh_token": "AB117519310396Ny6DFz0pTB4WaA1JPhqTFY3qr9tgoELftjAZ",
  "access_token": "eyJlbmMiOiJBMTI4Q0JDLUhTMjU2IiwiYWxnIjoiZGlyIn0..khsYNSSCJbEjQQm_D28J0A.YR_Z67_ZP-0zvI702MO2wojYe-67FXJvJSIr7sosXRx5vJ7-k4fQXj6vTbq2CHJdV2ekNHsG3c3Gm7xpZCEimJCK8Nfi7rGBD35d4trXHtS351auk64O8d1N7CX5GilpmBfLIXll4RzxeEb3PXa0jiMYeK35bSQDWoIpGFgXjFqvxD5vzVG69E8n5hEIfIhMKwGdbh-ZMyQy979kolv_Cz2bpqMP_EjbEDF8OzCNDJF67BMleqclyyt0KEHRtFwWk9fH33WDlB717bt4UPxKr4xPU8K9GFoZed0CXUMBVsRG_EKz4KbZtpjbmd8APaZdoRl6ezL5sXYyp1hDn2dTqn1EicpWl6XfzBpAgWYVbvDYldzJgN0MtDHd8bP3AJFSGXv4ahgc_cM2sRO58p7sd3OM_HtLybmtDVMl1klywL7u5_4QE45OGNeNz236UsthiZgnmMAwHv2sG5gvYKB-vTSZ5nAifQC1zogMHkYHK4rJCa8AlOYh0kXK2ZzOnymJGHZs3JgS06OLisxeUa2ksQ50Fj2LJccBkh9C4Ss4k61JCc9AY68N7meRLUusioUP_AILYRy0yvu773-HHqoVPxvTjahNu8N32ySc3QpT-HOzSCSL_fB5c-myZbzUZznJ7JVmpb4x4OkvYS7ij5PuZBG0jihHqJcUFiH_skwdfDk4u-SoT3p43d788Xbo6Mxr7DByFcC9pBCBYrSreHwK5yILHu8yO0g2cIL9lY-Kfjnv1eHvC2G2R79lG4c9DFJ0.w-qSdxkbVlb1JlyH5k3vrQ",
  "token_type": "bearer"
}
2025-03-29T01:55:57.659Z info: Refresh usingToken () response is : {
  "expires_in": 3600,
  "token_type": "bearer",
  "access_token": "eyJlbmMiOiJBMTI4Q0JDLUhTMjU2IiwiYWxnIjoiZGlyIn0..zBqtC303fiy2I7KgDHrjbA.DPrdjzcW4LEgLjRa-_opAdDvBTrzspCk5mdOixP4PTm2i7TcWtcBxHIhYagugqfjuBunoblEfjTbr6NkIdK2cm4P_1mblEcz4r08XQlUYQaopylVNir56qK8kTz43vvZ8L3MmgPLwRv1eUbdXB-nLBHdsD2rqq_5_MPaJMupiMHJGRMcaj-fKtTtWM4Uv7-dt9sWCJ_rFEUZS-HTSpYglyGUI78EbOz_XPstT-kPc2EZGqs6c1j1RrqV0ye5EmSCYLVju9WP3_ttaA5KWZFqa0vDDFXbugfgs-zQsovUC5f4ObfSzGtqZUhrK4QMiz-SuauvvV9NC0MsRmFtPWhMPR96FABzUlE0Ma0SI6c1-O6YwMaicHn4FGvdq8Eo9jZ4UyKzNra-vguWd5Lm2r2OsRvQbetgF324dpT79cqzSYpaFr1b96U7yUqS4zMHUHZdJgVx1I7DS2L4CEf4JTf6P2Q5w7hwtN1WK-jUxNK7TVyJZgFl_gNgrCyK_KoDlVD3jAlXRkhQ2Ee9gGPOW_ICrkFoHUptdaxTgy9_MSTeWveYMGnZaQYcTc-D01l1FjuaEyQlFhkQTlulS2X3TnrNG0axHDCAYU3ZmBeKXaLMBFJbBezYX9Ch_Pde7E37ugv1MaEIWEYV5uS7WFs6U_xATJI1viVgkKuC7ctLLIqROO-lQHX619TDMqT8qkRAHorVdCt86Muq3rZ9bXJmKIsmwzhQGyS4H27DY8N-T2RIGaOijmNMonf4unPSmzQ2XEXJ.3UoTWBiyvRyFi4NwdKaBow",
  "refresh_token": "AB117519310396Ny6DFz0pTB4WaA1JPhqTFY3qr9tgoELftjAZ",
  "x_refresh_token_expires_in": 8717682
}
2025-03-29T01:55:57.847Z info: Refresh usingToken () response is : {
  "expires_in": 3600,
  "refresh_token": "AB117519310396Ny6DFz0pTB4WaA1JPhqTFY3qr9tgoELftjAZ",
  "access_token": "eyJlbmMiOiJBMTI4Q0JDLUhTMjU2IiwiYWxnIjoiZGlyIn0..syGzCxqMZ_o_JRhIH9-O1A.kxA4Hky2Hbx5hRL7iyeer1ZDhjZo2tdQ6Wg0TBqXuFB-5xYCxcuaarsFL-fy3QJ0Q1_pk5vS5KQ2rUO8r3UmGA6KiLg2TDR22x1afS6KsXolNMno9kHVVRXyc8nb10bPist87aNfh_4QR3f68BmropeIh9aSpdaeJZpJa4pcXoCH4Zbnu7WrWEMvcG4Rz1o1srZmdtNC8gkwPO00-VEY8YHNpbg1xzq_gmU_I32-KJ-0w9JRw4L0Qq1VZnvnXdvwSp9JgW4gM118kCYtXTnG4UUocb_5m8mcTEtzY2Xivz2Yi7zuMYHgADAbG1TrLJ2yiPfJLOo4LZq2jRYAOrYvtbj0lKk9SaAsKXI0da2Hq25_cXoX0dViEk1qFzQlyXJfOJeOcwSoU8NhDIsI80Kx9woa0ChjNnf7-uLmSvASEkcCMA5hnj6q-gCbMdlIpTGjHwQCdQK-AQdRX2U0W7H6eba9moQ7mDq0uekX4_DFCuORklTQQLzdlACNI84wwyLIFTii7w5bXYJE445D_FBmNXXn7jhd7ggWXVjnI53LBHjAb4l3sN6v07AI0n-6obEME5QmKsuk5REH26ZxAj1WhkeQbkgUx7ex1HpTz82PoYlxMejmO_uELpG-il8uJWIOi1Sg3Qjh84S5WyjSVXcSUNf3zGjNIdxOUSi5kWTGgqcMib3G7spNAmKqppK52k0g5c7mh3vwuNqWRRYkuYdjSPvqT7nh4fLqTuWX3wjgJgrGf_yhjLAFu-scNEZqIvwz.QH8FY6OYPjpX97keeH1jiw",
  "token_type": "bearer",
  "x_refresh_token_expires_in": 8717682
}
2025-03-29T01:55:57.859Z info: Refresh usingToken () response is : {
  "expires_in": 3600,
  "refresh_token": "AB117519310396Ny6DFz0pTB4WaA1JPhqTFY3qr9tgoELftjAZ",
  "access_token": "eyJlbmMiOiJBMTI4Q0JDLUhTMjU2IiwiYWxnIjoiZGlyIn0..-NbjBtyoQB42tDt4JY1yvA.cBnmPIUva1ZL_Tu-e4gy4iKm-TapTVNtOt0cpisfHrpF0JpVCRAsEBMnUfjderIhgHioAuLzDmB0c--ZkS5GeUEXkbaohc9a5NctCYBe1-VDc7lEWM_jnryWDuAUqwqQevkFolGUMrGZfpxAbY6PbPWw9HF4vN5IU858kE1KRN_pPsLBKgfhktYzgOOqQ0ZvWff3kDFlgd8zugxkT02Ji7x1_w1NZkJNE1KVADFFw7_OvNHz4b_KZ0B-QoChDNLGOeQil1rYudgoDdGT89ZFjtvTZ0HFXpgh-U-Ngo4rcfEoZRbW9W5oArFIjPOMIygDPAJNc4epNx08VDkmiKMQQZhdu6L-yPCuDD3CPat4Jrcb5f6ULlfobqITwm8Kt472QiGeHeVbEUFFFyApWTjQ-bMfMiba-q7GSbYqh8YdlG8mopz0bxIBh-Af6Rw0Zl_cxXaVdWvkeLi3bkA_nH1lPBVhK0IxclNCXOnFiUPJOGI6t_EMaHivJq7B1EdKg9f5T_EJ1spcWxgpO7Kg1m32x19ZwoRlcGFTwoPPo6q4NxZQXB-5bs23uErF5H_tdSIY_45ynlkP008ajmaGiViohAmjK4F4yj3VutyotXwPkFUnFeMddU9RI5KEzmR-BqCkuEaRRSJYz9y87-qbxb-B72HTOzmxxHhCdA5ardFs7Iwbwx9O6cPUl5oaEfc0uhqSJeAIWYrg970a6avFuwPTisAAmJ4XHTkKp_qRVgimuliogj_5kpYf4l-obWKAtFJC.6_ldNTJi0zY7D9hbfUNYJA",
  "token_type": "bearer",
  "x_refresh_token_expires_in": 8717682
}
2025-03-29T01:56:00.770Z info: Refresh usingToken () response is : {
  "expires_in": 3600,
  "token_type": "bearer",
  "access_token": "eyJlbmMiOiJBMTI4Q0JDLUhTMjU2IiwiYWxnIjoiZGlyIn0..iCWnAdq7zebk4CEOt5l-_g.EveSAVX_8YEmf4E4kJLF3P7SrjG4huCVwbviDspaWf2UIxQp_s92VvWmRLa0SvmByIlcG_11jjTS_OD4eQD6tXu8d2OZK1Q2n8W1vFWlEwOS4Q9zPVkYK1oA9cE-E3C_rftf9fjfmHzLrTj00mUg9pdIOjXjXyyTUUfhhLjl4ttMcF4P_Rb_eBvvXFTKUMGHo99BzdKvt__kfWV7MjiCweVdasWVm6gzaQTeq5po7L7Gy-c1hsOFy3993_0HrZLf-40HKAtaqYE5SF9HtCaDn_ZMEwmQDKd2YrFvgPjD7VyCObzRj_zHsH6OZV_UTMoiEK3mMCF1HpR8-6focQ34CbZ-qm_TpRNLDDcIFDPDJpEY5dkqB-F3qnKCwas4Z9JCyggaj4GVk4t9obNEOX-zB5GbYoek9fk-ndENBeROu_8tQqcYjlJsACpCaAIlWWnxlgKKi0w8DtDZrB0id8dEHh20l5oZkYJfmbe6WeTm93Q0_FIIYqRBqLOeJ1DctL61BCZYklj5fIaIwEBlU52FWC1JtXT7UevaOdgNFLaOx3oQtfUj3-S6imqPOvbt067C94tXxN6BtoBM2cCa51gadUvxnE3BybcLu1oGh6f9yxldjOJv-Qge6siTDANhggo81v3HFX1PtefrmS9IFfxa2JHN6est2VyGZ1wuQoHamG1mfHfoA5rLqshSbh8w5eIXSKOS1xFpkoIOkWK-BfUrbaW7zEQ5_UJiLc3pOtSJhwHUWAEShqJdz_pMfTnYpF0I.vyDf-x0tbZTtrymeqckXeA",
  "refresh_token": "AB117519310396Ny6DFz0pTB4WaA1JPhqTFY3qr9tgoELftjAZ",
  "x_refresh_token_expires_in": 8717679
}
2025-03-29T01:56:01.007Z info: Refresh usingToken () response is : {
  "expires_in": 3600,
  "token_type": "bearer",
  "x_refresh_token_expires_in": 8717679,
  "refresh_token": "AB117519310396Ny6DFz0pTB4WaA1JPhqTFY3qr9tgoELftjAZ",
  "access_token": "eyJlbmMiOiJBMTI4Q0JDLUhTMjU2IiwiYWxnIjoiZGlyIn0..vRKu5W2Q0IsMKHMyzMbPEg.WlHIq5UWLwVbs8GXJ6IP2KMj57tGLxnHdF7IhOboeyhStYSnmgthLxHC0jCPkOAmDhQtEhDL2K9cpfZWM460C56wPTehYhLJKZjuyc0lV30j1AETHtckylvYVXMlZGM0nXSrqclbL3r2w7uc58tb1NSPPCpK9GpqGkWijeqc4Gvnv0spJ_T3froOyX_ykESXi3o81lJY3F0Jf9q76EtFPsq_3T0RrQq7t6Z5m-9nzUX7_cwLt9eBr7U_LRAKb_mejiUuGmkbC2VqVwCPjKoGVcfElI2Ypx61sprtNyJHV8sLMq_72_rT_Gq602QzN0kHiTT6ZbHjQmgvf4kPEh8GBQSFITMS4Ko4vUUhVtUFTgeE_waLPca36RZwPqAQIFAU1DufyhIuVdCiJvrZZ0vQiy4huNdsB10yIao8u8fg9Hr7L-HJD9mkYu6_EGl6VFjU5dyoyHdBzCNkPk4W1DHG1g3WJPMJG0Ow6lBgWNXknQDWThVGNPQXSs4ApMgcr3K52NmXxdd5ie4oSQ8BjCOHKbeJY0FA4Winzgs5F5v2sLt82a_drZ8WGMA5QWwHFW_7sYxbde0xQK7hrGRbvR-kqNHB-3hyVlGpz75_K-YHB0nWJxgzbQYKwSMs1cK4WQWrX6qa9uEKD2_LZSKXTKSbw_2--OcTVU0sm19uTlrJ7VuRvvuJvgFI3v90UaL5lLkBTJJmqWMMqVLhOhXxLoGhiXkfW87dGY8AzmXuRuwnUblM4oW9SD-0WFK86luX7iUW.giv9FAzbSjo0qFdmkgl-pg"
}
2025-03-29T01:56:01.554Z info: Refresh usingToken () response is : {
  "expires_in": 3600,
  "refresh_token": "AB117519310396Ny6DFz0pTB4WaA1JPhqTFY3qr9tgoELftjAZ",
  "access_token": "eyJlbmMiOiJBMTI4Q0JDLUhTMjU2IiwiYWxnIjoiZGlyIn0..KOYZ04hG3xL2No83o1fHsg.93Qun8waXqj0YLQAZ8sTaHXp39wFVLvcgfCNU6ScQu1wgkqTMlAYhEq39_RmJm2gTR8DU3L0nXWiESQh6M6XljoWeYVQU_am_P4OqSo_o-x_oy0Iwca6qhEq8tk4cjdhv0KXR1_iREEEwiYl4ejrMPFIUH2qGA6zBbSNkZODr-q5G-Yc0xS2QZxuffdfNb85P7PktYEXZykdIeQCaVNskehvGd9lMBzCTeFZITyyxqY-wWoy1fphNmyDt7iTp8vsG5CzyA_x9HW0PStOFzY6-vS6hL1OSEHOIoFfa9PCjTyPwyqi4GI_Lfu4-1JDdCMSXoaoa5YYMRhaTqe3K9cqXRNCeHue5Vs-GHY9rU3Tu9I9rKLi9FSrBNEsYbnJUEu-tWHZefgEBlghl074tMzJ6KxHAxfiGs_NY4uRi91ifsRCmj-iKKbDI09WGvoWyZGKBxRt4BhcCZgdh49IDYBf6xTUz5CZnuaUKd2lj4ubfx5HU2g8iBJnoeZtd6avCSK_X_4it9UY0QeBTVlGnOXcR1L8g7HvNen0YL8e9QvNRmTCyQTTNifoeByuJaHpWSQt3dVmaRszS6z2azMUVz0T1nz9AOt7eegF7AE2go3wBCfY9pDJAITWIL1j_5BtbCkop5BDq1vmdZPgHd3xmqDa5tGBI-GKCZ6N_vv1bZxgfIXSM-JoXbL_cqPgmoobPIJdmt0zsb4FMPPJ7BiFc_YYTns92DQ1pnzWR7Iiz8IvuWCwkEdRjIzINjooyZGe7yOX.TMtZ6JmMUgZukBt5klg4FA",
  "token_type": "bearer",
  "x_refresh_token_expires_in": 8717678
}
2025-03-29T01:56:01.560Z info: Refresh usingToken () response is : {
  "expires_in": 3600,
  "x_refresh_token_expires_in": 8717678,
  "refresh_token": "AB117519310396Ny6DFz0pTB4WaA1JPhqTFY3qr9tgoELftjAZ",
  "access_token": "eyJlbmMiOiJBMTI4Q0JDLUhTMjU2IiwiYWxnIjoiZGlyIn0..mFWRGk7UJbzZQFqxWg5lqw.406k1sIWbFlAuZOJtAoJZAksXll9ByMMaviNTYp94reY6e10G9iaycYoSHeVnHkBlOcEz-2S2DgOTxet5gefqdfiAzqb3dQn5iisDldCoWCcQGZoapv1-xJGNZUWet4ZHnkEr9WZLpMMR87_KILM11EMXap2Qg63Olirjo1gP77MwD_k24k9ffHu47vuRBXbuuec7EnRemY2GtOv_OWKvZ34PxdT7z3HIzpyEo8mCU7aXmX3f91Dhy5ZcsbJFRCI4XNKMIDV43KimjtnAjJZeQyxL78ktp6DLB_nzUJG72xGV66c3MJZHHCgHBR5BSmtP5vC_uu0TC5tXsOq5ShBi-Q62iWgWRv10iFYPA7xCYCsSOZsUczVob7N2Dr64jXlDDewb0uo5euPHEWo412fa0bWAzt5R-8iSWFwyV9xyObmeWb7sWBYCRPN1qePjuK-utn1DAeUySUPZpFENcSEDzZkFrBBunLaym5pb3detdPK81mmG1fIk1ejvG1x_DRp44ERCNhgB8imM4Rn7DjaI-MUQGQybhuAlsJbjKRkQ-lMHyWtx1CEE8sVq6Tfy6Pk2gdzshBHnC8UxXpnqg2lv6ih1NnnEZIFArB1X64Mnb2PggW-hsoBqlQrZCTBYL5ugtFbi_CXLHBsW1cj7Kd3XWhuZH6_IFBMSWffc9qnTckQG6ZwWug9dEJXOICTiMOxYTu2aDN1TM8lUaCxuY3K_IWmbAEP5pghtvA8AKRBVWnL1GB8aoOr4IJ9lBk4z1J2.QiVIm1t-6koKb5oqwQz3Tw",
  "token_type": "bearer"
}
2025-03-29T01:56:01.562Z info: Refresh usingToken () response is : {
  "expires_in": 3600,
  "access_token": "eyJlbmMiOiJBMTI4Q0JDLUhTMjU2IiwiYWxnIjoiZGlyIn0..rQcDrcwtG5EGiqyELe7FFw.QVVxEOubRR5ilLI5WQ0sNLE9SKxQr7joqSB8eid_4hbiD74iJCDZ8_6uW50F5naHUXTL-E7mnbahOJicxkTI8edvYqZpMMcHjZ2VVxLwCdgk055dUKd6AUcTe3ah_SihBfa25JLApvq0wZac6d83Mnldr7duyw6sBqiLlNt97cW5yH4dkFKy0mFc4MmV1E3zbujLUynLH91Ye54y_E5Yx3PR3rVgAKDJ6wXWnCHPm1qo9MNDbkTmpqWsOYMHTWMBxKzEPP0joYUMGn_L-FRD2hAuuSo7cAwDF_rfzDRnak2RUrasvHW-yKWLZfgMj8NM_bCxLZ_m79bPEHCc8XnsIgmjTBC-SsrG7LUsxD3aIdoTaKo0F3KKQ6Vc2bVUI-XLeyJQ0H8sTr6LaGtvPYU-xmE0rMfMYcc4mZxr4cGJ4dc4Eh1xQBK5g0DziPmAvxdfnq7LF_UyXlSC-QigmA3fWNUr30U6yHgMknOEQga_mHQhJObuA2T5AKMGfGN8OxBto7v-rS0ylNLrbaOMei7fmdPHss-JvWSKZU9WMJe09D73C-YxZTCzrumJItPPR898n-kwIks-OlBju_x3BT_4T63d9uswlGRYq-AbRf0yW71IZuQNFPnLxx0jc7WTrcrsp09KXcog3RbHU0JhaHL5ATYF0VaXMGu0KsgX3-zx7P1Hq8GQzzQnZeBH_ScgKzOSGm3Ee12drXSb12bXxPvMj8scBFRl-30T3297kZ1G_CdLeb4_VhwFVYhzS_ekajfT.RcJfa-9WhANgZAJWbujkAg",
  "token_type": "bearer",
  "x_refresh_token_expires_in": 8717678,
  "refresh_token": "AB117519310396Ny6DFz0pTB4WaA1JPhqTFY3qr9tgoELftjAZ"
}
2025-03-29T01:56:42.319Z info: Refresh usingToken () response is : {
  "expires_in": 3600,
  "token_type": "bearer",
  "refresh_token": "AB117519310396Ny6DFz0pTB4WaA1JPhqTFY3qr9tgoELftjAZ",
  "access_token": "eyJlbmMiOiJBMTI4Q0JDLUhTMjU2IiwiYWxnIjoiZGlyIn0..OKTsKfDnzV8FlarFJ6sd-g.3PCVoBojkTvsRTRdQvISROWjdcMoXhhV-wHwUeha1-wH1EkNpXlRlMKHnv23Gh7AO5ljUimaLIaYXvEXqmUAlYmXByIEYww7W9wWq2V-53stJzf6SQgvazxXs-Tv_NYywMxtLqm58mOQeg2qDhMDMkc_27FTBWMsrPPBvCfLevUc9tsZYETr96-JbG3397xeM7X3sXLnzwOLGey5dslzLFafMZrhZqcSISBt9UVvDu9GM5fL47WmFRduo1LJGL6ZPfQzVn0HaP9bf6rloOeoBWv16PI8vQxmWoAqwgwJo0HyUrMAObZ0FtTwjLiCavcaUSu14Ohu2vn6LTknIe506StE6CHsjvls3zBWcnFW3yZ297ulw_bGhl5NsTI1Zwz56nWxVa3WlJ7gWUXVeamwiWlO8s-ZgYYRO_RikBIMhLKsvRHi4fQ-O-W2GAosO4TjDIpTsexFTbjbcZfJL5xvu838xSqF_78ICArCzrVMbzjymsevtbwz6JLsXACluNi4IrP83tmeiLppNFJyhGce3AddqT47FwJ8BlLS9avRzHynin9dvmuB_bvbQcx1rXLs7fRb5fhPoeFtl7g0ZFznYIaCb2w2QqpkAWQN3q4CrjxL8fmPo2ZeJKeOZFS5SKpDdsM122iP3M-obQf6UNHIPcAeymM_3EPGQZBuUnT4yp8YmLKwKsS9prNmsnig5gfenj4o4sYJlxQWvtHaoTfnOlAUKQHeXXP9VpHIKKHMRffetKQ53_vGxyYIKF-Gt9Ht.666mpB1unDuAvdN-UA-Bfg",
  "x_refresh_token_expires_in": 8717638
}
2025-03-29T01:56:42.566Z info: Refresh usingToken () response is : {
  "expires_in": 3600,
  "token_type": "bearer",
  "access_token": "eyJlbmMiOiJBMTI4Q0JDLUhTMjU2IiwiYWxnIjoiZGlyIn0..RBUjK3sr7HPexM9ZRe3i2A.yNoFvumotrBetI6nobZ0mXFWyKHqyG_lnyZLndv-_o18YiyCWSQYoTOhT97aFU63vivudckWyvZEbepZPstClg4kFdpLdD4BstUjbOfPVHi44k1vRKNUnR-2heZdf6CFLtwbkyHvYrX3noT6FuIS8da8fo38yZM-An62IEdlaHY1O4Ymvp58KN_Dn_0kClwzdCcjzdOGjRqCNihCfgE3iepleWVJdu-I-9yq0ZPdhbt-OHfiHh4oF5FUKxeemfE3XOgxr0z-N2bDVGT25I8qFKJ-BA6vVZ5Jnw6pqH2bE31QYU43zX-NJnsyqR7yerTaScCxFlXTRHr5dm2A1SU941hwdxQLPueuxDnohVk4EYz_dRzmBjm8srcvfXw3VtCXxftvhZU2-BpgF5fsMfwzJVBCIwewbO8faUk2m2RLaWc4HgDsPcSH2q0yitN4CvGmjXHgwNOrypCMv0M7ZwR_Ie9Sr4dHeP9Djf8ylwEN9_dxvfyd_cHEk_Y6E_I3nHxBMWk1fUi9e4SuaW8l1brjizHqyCP6jMFEGfRmtQtJw2bLAOXqKsBTBkkunJxt9lm5fVLVwy3nc_jCFhMKqcNYXcEwNZy_W_j5ZBq9II3WRrJCyXLUVGUIkrNgrFGaSgWEWnBTobt1d7JA-ZNJlDGE4MLuXDNHMCyvmgo4dlFr-6eAr03fCRoNegu9cu5oV4MtOeBawvgb4o6a8-jp0LXJrkQK_NoJqV6J5fGb2yK6T4AuWAGuarWthHH6aJM9qWqI.wFx4JB9AvXtH3Jxv8ALSdg",
  "refresh_token": "AB117519310396Ny6DFz0pTB4WaA1JPhqTFY3qr9tgoELftjAZ",
  "x_refresh_token_expires_in": 8717637
}
2025-03-29T01:56:43.379Z info: Refresh usingToken () response is : {
  "expires_in": 3600,
  "access_token": "eyJlbmMiOiJBMTI4Q0JDLUhTMjU2IiwiYWxnIjoiZGlyIn0..WR-wrd4o_7gLoCTy9IZm7g.LcPE070qu_-srtATKEgIrpFXHZXzeggccUg3IH1SwbN1VL5I4o6pWB_twQMDm1mTDxhO88z6HOskkIrCGcfnpKNOwxcUCA58fuVWY54mGjK5lA8jBl0Qkel9DAe-iaLMr-_o63YMAKwFrwg7gnKZx6zAUNU_Bn8D-6HqFfOk2j3rqdEE7vuGP-XZC3SSa67hrYnVDqVBAPSkeXUom2PbgI1QdY7XP6XdI6bt1bzStdKAz1vtP_sW7ad8LEmVbajGqPZEV4uXbB9-H8mC1XVEIfB5nO9SHtyjt6f59Nh7VJFUjg_MBvKDfxkJy4v5fcoykktPZP2VgZ7ozb9ChBcYLrrpMGxOsEnIyPf6ytfD5-RN9aQSXfBbaGhUkrhRWPSSwItHNff2oTTClqRaKRvscqR56qmNHrFCiKYM8PdaPipp1wNjT1Th78AcEt-d-pG33XEU8svGP5ADpPc23_UtnWo5XcPAwCTQowXcYHH4LWOVaSrpYfLDw9Xr30CPf-zq03X92xZwFEITuxV8N_GtEgKWYHROE2lVxDSplRC38BxsORyGnvODEtNi27GCF0hV1lOBxCXgIqsEtXCUZG99-47XaOSmWyiwoG2vjJvGijX8xsOESgKUoKK5w0OYAm7OLGzIoQb2L72HFS_mIg9jigWAdrfaOf13L_KIgHC4oNdKIKH2ax3XfcIbFglZbkxZa0K7IhUgm1cIbTSBClQL8R8DF1C7vlqkfszdiRf1uKg7bj65wKouCXQS-6jCn2vg.WPRxi8BhAbqBJ3jn5_uNQA",
  "refresh_token": "AB117519310396Ny6DFz0pTB4WaA1JPhqTFY3qr9tgoELftjAZ",
  "x_refresh_token_expires_in": 8717637,
  "token_type": "bearer"
}
2025-03-29T01:56:43.590Z info: Refresh usingToken () response is : {
  "expires_in": 3600,
  "access_token": "eyJlbmMiOiJBMTI4Q0JDLUhTMjU2IiwiYWxnIjoiZGlyIn0..khELYGz5Tjjv_LG4hJnJLQ.9egQn1Qg40giywUXKNTp6xpNMmE40vIL3iS4ho8y2AQGMI--uTtQjOlG3M2bmW2hjheQNI3ZyP4HZTYbheRvcAiXJwAsW6zaAlYxbxYBeyuNHasUqB5Cm-KF5HrR-tnoIPODfgjqB3dXaDL9fpnswtxJ2vlp9HkTwr3Zooy8qd8lpnaLBuVMyLLPz9nHkrS1ZI4kokhJcoop9hltQiWPTbiU7acphkaul_o7qYaVeWp7tfYzAzsPt_LeTWNFB8ulwX-R7-vndAe_IkNvl_jVoA-blrrs-teVQuJ-L7b4xSxZikrrupi7X2TKrzPsL14q4fIN87iSUfqagE3GKpqFkSLb-0CX7EPGO7A0moDDfTxCSg00QSMLFWD1TB5qK7PjKiCGal5T6nIMqy-7sXryFwJijV2Z-vPoA1G8hESMpFfcJD8hPmf5Jpig0eAmGvEIKPNYtYflg2mJGZOUceWQNixtSjwWc7PwPAas5WGcG_rtQhqxUPEIYnBXvkVnKvQw_0EhkVOrdXkidlDvp6zTFYDzo8_BD5Au4-rHyt-DGWKxPncdGjmDWGsUEYIyRbjPBWP6mVe6BP_8dkiNUir0Rt_wtAySpwpvciHeByHkFpjiYFivLelS7-gn_O_bvBL1otjc4sAvXZh0tMsoGojD-eJAQF7Hu2mHnUr7VcOMGO9QDjTUFuV75zLYKfWMSnYCfXbsca2MrKe6AZiyX3aeU9z6msBLa55JUoV9IdUWUNqduxpkUT67kU6tnF25xXpG.KTbI851cyGGp9UKEnL4mZA",
  "token_type": "bearer",
  "refresh_token": "AB117519310396Ny6DFz0pTB4WaA1JPhqTFY3qr9tgoELftjAZ",
  "x_refresh_token_expires_in": 8717636
}
2025-03-29T01:56:43.598Z info: Refresh usingToken () response is : {
  "expires_in": 3600,
  "access_token": "eyJlbmMiOiJBMTI4Q0JDLUhTMjU2IiwiYWxnIjoiZGlyIn0..m5IyuWyBKS_X2ZYUBHrkhw.8IqnjQRFxcYfGFD5C8sQq2hI3_desAPUQArRpsfiaGDkCkjR2ku5sHMJidadeNxe-xNwgE0f3P6LVqYaUCuj1PSTVqMWloqDcZ0uNRF7yfP2UmVple5Te1thhtKvPrRyxvGWagjJfp2ASudhbHhWsaJ_9metVFhqeJRImHs1IkTbkEqWuyZy9OLFkSsdXJ1MeXpPoGKqm2GdKWMMQKz9KCqGn6nL-mtE17ShJA3SMU5nSkWQ3g18tDg5SvZ8DmVI7tjwaUlN0xYuQe-5yYLNIZ2vfIlSa9yE2C3kgaaACQ0aw_zmTwqQDGBwhz2DfaT7dIxHAMecb3jZp5Sx0Qauq3p36IqgQOlQHsjkU93_Nhr-nbvswnNZ6A1__37xNsDDd1qy2kf1IE-cklYKCTa9G91jAVJAY1rMJ-5FR_-hMjTonCpyWCZfFsf0yudge_wPHd78dA-4b_--Mt3wVCQpOrQFgTHuQY51xy6cVgujCyJGFdN95DUbALKLu_0Wc8_FPj2gY0-96EV7pSKxNfTzBBfhu1nSngWyufCOknTsOoAd6_vdoWIyGnq7Vd_eUuKkJNTEBvUF5bnuPavbrzM1CcItTF4NtYUJkr-OygiLQmKGFjv9e6n36probTuPIbFgXNVbtIxQqbR29SlOuC-HiVtvnLDUpmizj1vWibylfxRKC4OA2FCqhdUnwfE7VII17uEiiQJdlWQlxGv_S5bJ_ayAv3OaydllRmiDiI4jvWgSMk0Vf9psjtxpIQoUAwMY.P5p3IQDaGOGkcDDx6ztMJA",
  "token_type": "bearer",
  "refresh_token": "AB117519310396Ny6DFz0pTB4WaA1JPhqTFY3qr9tgoELftjAZ",
  "x_refresh_token_expires_in": 8717636
}
2025-03-29T01:57:16.203Z info: Refresh usingToken () response is : {
  "expires_in": 3600,
  "refresh_token": "AB117519310396Ny6DFz0pTB4WaA1JPhqTFY3qr9tgoELftjAZ",
  "access_token": "eyJlbmMiOiJBMTI4Q0JDLUhTMjU2IiwiYWxnIjoiZGlyIn0..Tme9WKb0IayYedVgr8BtLw.VR59-ZihMSf0pi_YuowgP1gB2L5aYJzXsGD46Nq_C2eUOs44i05xGNraDMx5vLbS6xGWiah8aqpPh__MqeIrGkapZanb3sheLlrpySs7-varqGeouI06ju-kN0YC42OJs444waqVtfezcTZUQe4u1X4_L7Wqiql_iXorLiNlbkduTaCgCmKPUPNBuhFaaT2Xurgh9peR7yCV_4o38X3oIXkuLj9Zive-gOSAhPG8sfcvGggWAjJnwKPZb28wp5wl-2j7Jv0bm0SYFfChaKFOMyg19dT9JpxdmuP9d1eE795IgYcEo7rFHFlB3LLBRtxCPQaduJBl-1CKO5OY1LvdJUXHMCXSw76HuvVMbhHWKYV9I90CaNtXtMLf3Njsc3yg_cuMKJBAuSKZPKj8VETypB_5Sfcw5u32nany2oAyLb3LnyX01VL19LGokMn87owYJp0O-6lZq6-jnD1eLU9o5MvIAW_yhvnSs2sh_qscz-qDkzqluaCaiS5A-UwUAJAJdsW2vK6aoZw-f06uBK2BYZUxmxP_bhRlbknEWzbaKfbg1_4BY473YJo9m-0-YKJs2Sq542ZOVWaV_t2CGN4D7vZsKNfwQV8bVbcdmM8vumttMl0MRhMTAlVHCsM8s1KeUaW1ZYQ46wwvblh_DNzyLoBMtRLPf0QEzdGsPMT31Hjyonxulse46khv7_s0JX9Jr4zJJe7RwMhyD4U4lDVMahvj6YdsR0eG1m4iNjhyohRu-8XUR1BWc2NNAigFHqpx.nBQcpHars7bUfLBA4thoiQ",
  "token_type": "bearer",
  "x_refresh_token_expires_in": 8717604
}
2025-03-29T01:57:16.551Z info: Refresh usingToken () response is : {
  "expires_in": 3600,
  "access_token": "eyJlbmMiOiJBMTI4Q0JDLUhTMjU2IiwiYWxnIjoiZGlyIn0..aixq4i1lmLtApWatMLtfbg.uXb4VI2uLaJ9fgzKvq8E8LIFQHHlE6hNC5sKkq-ED5Ucx5J9Q_DTtk31hbnEFJRhMmPrQT1YIMRLHGEK28tEiWMWTW32AkdkoNZtG8PtlD7UpTXl2HiPjsIXAaQfDy60zpwUufftjLdtCMExlyJc3uRb9Z8IWepmwWvEsm__8iST6J4IPkklVDYAtPelpJ32HRHz74twkq4Zbp7JtXD5ZyNkTkTpVfiSrIvKnKngRaPWkc2iuJmhLFi2_XG4_-gh2nj9jtQsBFDaQqwWz9orCnazgbahL2_C0G-p3rmIwwXfXdoGiw77ulsF-KQpyhEFf_P0fWM0WBgurzF2kZcL6AjiPNMOMuBg38sAy7Hp5YL0JcN6xXUIb6H3JQvGSi_A2sRoLmQamE0pwZZmw6qTAtyL0-bwVGt57evBNPupSHdNS-_5AyA0mwqFNva8Am4kIuVnUd1WJ3W8RnalYSoS072SurzzrYWhdoPp9eGz0sRebvxxpcM4P8c6E-YnjhIasoh8uPHw0BNn8OLPVh_GtEUK8snY7WLd6XDjLHlfDfu2ZS-qoofEn3TTfbncZm5l110xGndL00Pinn5UHuDJpfPVfmlGBWnacVQUN0_04nNzpaux9lpF8uBIwx9ZT1wGLIvPzC5veOdzl-DjshLdu0fLGe1XonigZyiuU2BsnQoLyUYKbjbgQdJSuuD2uvusJXfpXZ0Ro54j6QAhKeHkJ4eQZGpKuW3dbynykFN8D1eJ7a7LXfzTVz8vxLEc4t_D.qebC3BQfmm0UfX78f_qvEw",
  "token_type": "bearer",
  "x_refresh_token_expires_in": 8717603,
  "refresh_token": "AB117519310396Ny6DFz0pTB4WaA1JPhqTFY3qr9tgoELftjAZ"
}
2025-03-29T01:57:17.411Z info: Refresh usingToken () response is : {
  "expires_in": 3600,
  "token_type": "bearer",
  "access_token": "eyJlbmMiOiJBMTI4Q0JDLUhTMjU2IiwiYWxnIjoiZGlyIn0..jHpo1JtDnc2ZlU7RaIP40g.3eAsAoE1g8edcMilcS-dAQdnsijkmZgmYP7hna3LG82XAR_9RqDMmsWhuurcX_zv7U2Tqi_M-Vk8lnlDNlOXqIBC7h-5GioewcI6hc3fm7DjKGTiD_P0qVTEtZlxrwyjXsvEaZdxTey3mkNxVnictLAngguyLj0uOp8KbSjc26tJFavmZQZD6CVv4mH6v7r-Zo9y_QPNb9QIOYu9_VECxfJW39OFxoevNYz8Y4cHw8P7k27b1gA-TdALBHK5SGHF3uxkrtQnYv5jYnerO-SD9c9nFbITZu0VMXyISgqML51CaLTUz-m9i2FaLgkkDRbdKdxp6QJ-Unx90r0aypifHpat27QP7JD8iQD00k_pYziD50nxuq2QqEHVy_VMGYXy30Y61XNVHAgcc008DUZeExgFXS5GTjW78sDAtNQ7itlYYDD-ZCzeaCArT48LbPZKIgyJy2a4m9F4iKbl0G8N6KNOIgIWUAM1f-NIZsHmLxUq6MmDF20uwZ7UzPtdDrXwqpVDJS8SaG-m2KKFrsWpVP-wqSm-wM3jvbSlsC3k_WXRDHb7azmk5vJ4LJdTReXL4RAIVYrVQyEpX9AhKC4vFQrNS9nOiiEe4pBuV4vBe8wKb2UmkC5_Tw5-EiH-Wgp0_707Xbcr_FQ2WiiKi292HxAV0s_VjWAEE2T3cPZU318RhQRxrE-LNwuDF_H4b7v7k3Z-m1MFKpvoIL2jCpTrhLDZwze4IiGQee032d1zQpY4eeYtkTquFVI5kmJ__ZqT.oRirYl8rMhKwymUJx_lK_w",
  "refresh_token": "AB117519310396Ny6DFz0pTB4WaA1JPhqTFY3qr9tgoELftjAZ",
  "x_refresh_token_expires_in": 8717603
}
2025-03-29T01:57:17.656Z info: Refresh usingToken () response is : {
  "expires_in": 3600,
  "token_type": "bearer",
  "x_refresh_token_expires_in": 8717602,
  "refresh_token": "AB117519310396Ny6DFz0pTB4WaA1JPhqTFY3qr9tgoELftjAZ",
  "access_token": "eyJlbmMiOiJBMTI4Q0JDLUhTMjU2IiwiYWxnIjoiZGlyIn0..0EPdEoGuIYLzg7SiSidNCA.Ph7GWXxcKSVxj-Ehm0cQ1bBLPytl-G2VwskHnhC7--QXTlhAF3UHU69JH_LV5b7qTyj9ZxFp7h62vEQm4qxp_UcpwWBHVjinAB0vXkQgAxAlFha4NuR1Q8G8nIlmUdYWShYV7t4VqbUP1PimBaODhDzBSkIM0BFv9PRKRp5V2SGq5B7KLf9_d3kg2ZKLmHOdYLI4el0LHvad40hdWh7GrOz7ENrFPXKuSBebIACSw8d-dFfgC2nooJ4njrdDNlg-rAyY1PuxQeCZ7UIr1TnMblTNZwKZ_GKyKmB0wiT4BcY9lDNrCmFb8SVLuhn4AGHJYZkzvfJ3EJWtmAGJJ_etFp6cxrxlMygREzw1dL4CuXf2jTJOf1pDNR99LfF4t5I9PoTKYf6jAefM4HyN3C8aUc1fP6elUpLazTSYPDq8hZU307F54ixHGr_5scuspiwZJ_4mkFDovYjjRvl2jm1lKYzTIGD-wc-jwlkX8FgFRdBsjIeF6xcrA08Smtijf8lQwpsBzEwEYBnSy69Tlgl1FN2FoB3Do73AZIWesTDdVdN2msX9Lyu2_OP2_t9XrKjmAntRqlofcaz5KMpV3qPL0fu_nGBcAGOdhyKKPt90ZWVangjwLXBrnQRt7AB1bOJCEqdoLiCYna4INZR9pSnIPmbQhy19j8Xcw1I4e65yxc9TlKUb74U6GGavl5-_fgm88Oh0Tqb6PUgmjD8p9nRoaeW0eriJLsvmIKDfp-ZO-UptRTkHcXH95bDSmdVEZMWF.2VM0w84E8pEUdxC_0k_r8g"
}
2025-03-29T01:57:17.709Z info: Refresh usingToken () response is : {
  "expires_in": 3600,
  "x_refresh_token_expires_in": 8717602,
  "refresh_token": "AB117519310396Ny6DFz0pTB4WaA1JPhqTFY3qr9tgoELftjAZ",
  "access_token": "eyJlbmMiOiJBMTI4Q0JDLUhTMjU2IiwiYWxnIjoiZGlyIn0..Powt9QPI2dwZsZvTkIqNxw.nSyPARD3rYFMjzs9m7olfWrGruH2b3sKS2XdFVvF5r-2LYnplshRrwRGhZzI-WzZ8S_cOMB3z4aE77nlNQTmH-RWWRQz8gOqFJRmFej0CEb8LflJ-JRssBDBO_mXSvJP2baWNgvMtC_ENcbPtad3Q9F-Di7H-HXvyCL0LKhKYes4eHg0p9ncLtuEPNaVzz7TP5qnuCBOs7kFr42V8F5BOQSBAZBWGyejJPfVF25QoIAO0l7EtdI8MG3dhuOfXTriVg-HNi5XYptCYePVrbv17i2X6KwJrs-LeMHz22AhM_nL40mVmlBthNGp05vJenXhxrkWACzFhee3Uf0yU_3QuFyBxjD9dBrPWm4bx3WD81ZnIOAi8sxOAjkuZ1-FOpyAUVAtND-OpyK4hpHewf6wj2IZsSOxKh1lEzJX3y9J1lTRHGDbMNn2VRg2qDzz2CKlP_GkFGH1A0cR7hLrJOz2jmeyI3Av79w5d8cN9KESWICMGFuyMhOwHXVLl79ujREmIAs2hGwWe5CHEwfrhyKuLS_n-wE_3xEXQCBk6KmbHSwzZxa-dgnja_qIpxtc_EBeqNWs84ZKSh068yA-khGWou6GNStpwaJ9R7tF09kO4T0RDGCiHivgVDdc3Rwa0advEVLGdXQt4tfAJz5Ap-UuG5KyKOq3AYMFMzndvesEj28WE2ANCq_bQh5Jh8CfnImbhQJtBMSdndrvO-J3jwUSUSQtoQBIud_ilQHx4f39Da1iFFRRoyTIWK-cG_wbdsWP.0laLTneL9IGgI-avzjRdYA",
  "token_type": "bearer"
}
2025-03-29T01:57:19.412Z info: Refresh usingToken () response is : {
  "expires_in": 3600,
  "x_refresh_token_expires_in": 8717601,
  "refresh_token": "AB117519310396Ny6DFz0pTB4WaA1JPhqTFY3qr9tgoELftjAZ",
  "access_token": "eyJlbmMiOiJBMTI4Q0JDLUhTMjU2IiwiYWxnIjoiZGlyIn0..ocIyApG3Jyw00wKG7xdU7Q.Yje551BfGDTXySd-BtN9XchuP1iT_FKaROmEb3B6basycmX3yDlXfUwLk23Gb6rMOvsE-GRSDOiH5CRAl-BWJG-0qR4cWc261uM1U3bCK34qN-zKGQmulDtR0DFOdKb3QkkhBUmi1ITLNFFStEYfzqHzQDF2OWUzNBM_uMZKSpW8TEV8OTJ4KxcHbhjjYZLTZlK9S2IVXOkkwwd1bEMp1fW-tTOmyW-mD2I-HjMKWr-P_5MqC-bT6M7R-SEgFnP3mxispO-glwk8YicEIenDSp-T88XQ4CwgrUI2eEbtycuUC0q8c0vVZ0RmcPVx5GKAPalO6ofhpzqwXj-o-dx0wa-ZshNLg3WIrMlnHbWQ0p1qEhhf3AMkhrDWPMfZuYUniXF_5hLNpz4yEK_hW3Oc1uyXpEUZQk3M7HNhOiVBxwJs7SWQvxkqO5MXh-9VYA9GbY5XhoZR0_LFpBvpO1RJmLkoHHcFq2Q9ZqG65Akgg5-MDBG9dZ1cV_lZT37UZL8SMRKhqPDuGzqt_tGgx8ynkseivmR26JnIBSUNvEGNL5KK0CPwBJ1dDaBlYNeK3jSEty5MUvYNTzaJ7Bd2z6oSTILXug_mhQ-ESnEQYlOhAzc3SyIlhpYIWMyV2tHXsTZlEHag1OFcHKc_aISfTFn44IhX61zC2dqX7SAviBX8lHWVqMRBSykNnRT1vtUpciGc2ti52erzSPppwY1_iQWc430uH6MyM0Expkz7FA42N8-ty_JWAxVGoaJ881VK3tn3.SYR-rtvgNRtyAKl0oebwxA",
  "token_type": "bearer"
}
2025-03-29T01:57:19.816Z info: Refresh usingToken () response is : {
  "expires_in": 3600,
  "refresh_token": "AB117519310396Ny6DFz0pTB4WaA1JPhqTFY3qr9tgoELftjAZ",
  "access_token": "eyJlbmMiOiJBMTI4Q0JDLUhTMjU2IiwiYWxnIjoiZGlyIn0..qpGfKpo3Yh8OJp5_l_Cc-Q.F4GzDDtgqJrDqIcLAwDB37ngoapB06adyGVaAyFEpqbOIGJaDhWgbtbUU7IdzmELHxnS42fAykjjepJkAg37K26NtUdX4AvT-b3vAotrjDGJStw4jwfgtrWQ_66W6oonOMN0l8_2FvTlaRr9z398y9xQj1qAwgrIyQYqefsWi7YHyyMgwpnVph5OOJOGUwpdlZzEdZ_ZeqoUizb_FNyMOvhc_54NttBlPz8waPNTgTlH5FVByCaAqhlF-wXkoZ4nZaWhTqgV1HJkCxkiBQY7Emo2X5wZ6db_ETLyvXJfAZmOVfq_dpRIeZm5zzkqOuETrXj5nPX79qXgPW-ULvTJarR0F7p3Yq0EziH9cogA0jyuiA5dGyNOt6PR4Pw1wvL9ORIDT_UrrgDw6efqzeE5UQpZZ9FhOxNcZ964diXZLJzUOOkV8Ws-y4rNn287EZLmsVQUIkPKK-G8VtsW_dlm7ExLBZ6Doj-ALozAyDbausAq8oRHRWAWad38G9BnSiJXn4zGJx7Vc4slBe820JlPXMnvzkMcKGGFYAuc75rknXuHULUA48-LdHEMjyYxd97S34uBfI4twe0_p6YFox9mS0MtdPTNFLSH6yq8kEh7ByROu5uVVUktOl_D2hdH8GQHugl115Lb-dmeeNMtC03QtcafaS-3Jib3UDsbLmMAR1iTVHf1RLeWYO9qhCKGnBZq98SDoXHCh7Kf8Yg4ciHSWNgJHFUuaDj2SAXgKiT4cIiGASiN1NRrYTHsKo1q0f83.YQ11ojSRKSvspupbbb2q0Q",
  "token_type": "bearer",
  "x_refresh_token_expires_in": 8717600
}
2025-03-29T01:57:20.438Z info: Refresh usingToken () response is : {
  "expires_in": 3600,
  "x_refresh_token_expires_in": 8717600,
  "refresh_token": "AB117519310396Ny6DFz0pTB4WaA1JPhqTFY3qr9tgoELftjAZ",
  "access_token": "eyJlbmMiOiJBMTI4Q0JDLUhTMjU2IiwiYWxnIjoiZGlyIn0..ZEh0ZUh4HhzDLp-a89VGdg.pgIMWaS5tN34Piq2T6tCj4KkFScisa7sE6oLM8fv6lat80lkqqKUl0hPuhb0rP5IejTe4qdOXjcl_41ecebpCNIvNIsawzkPfWgJ0EaD28Iv3kSRqSK1IjxkPrMzVT1rTVRAgNrmqHTA1ZqQK2Aj7YYNrL7oUEKjQOc3RM_D-YLTu2vi9XFNB0GNQFOqWrkMS0tRUyTIRhX7Camj2_D7ftB5oG5JjrQyM1sGZ02Oe-iig9r7mgJ9i0Q1yuiK0hRBs3d-osprzZVgwvHrGbAGUv6WyzDKsfQxqcwyGZjnUwrukKrzBxwtrL3wv7WEoLMyr-xj2hmTMG8LOtLVkkSH1C95uaRA8_0NiS_YPm6DybBJ75Cad_qbpaS8xEyNp_6jKgvjzUfvYXDl-KknOwMltdvznCeH-LfwiiTosDAGLshLTfMdfImTH5r-ei1U8UDSuzq_BT3nR4oa5wLODmpXY9tzB8yqeUfab_rU_kX8pt6CCl2Wdm6eXk4VtiVRhEWPXKsHmPRKwl9dVPfgvFbJefHMmW82ErJKtWA5h6oG0IHHOB9ODyuyLQbArxL5k1dJTwyBRB_50XIEw1VkMMpZxd1ucnklP4Bh92PKVQGu6KgDJ5lHcUjnH1ZSH3sZwx5qc28BvfGmhH8ouOMri95rkEt4omg5agxCL1DE5vwk41Ipf2iDd0dPLXz6fhip5GwFXhuXiN2Y4H0rBfvOCsKbkVkwf0FsySxon8tAx0gKiglboPCZZcJkSHq1vQjFP4FE.1UMZqksL-KUvOS7W0TOcow",
  "token_type": "bearer"
}
2025-03-29T01:57:20.454Z info: Refresh usingToken () response is : {
  "expires_in": 3600,
  "x_refresh_token_expires_in": 8717600,
  "refresh_token": "AB117519310396Ny6DFz0pTB4WaA1JPhqTFY3qr9tgoELftjAZ",
  "access_token": "eyJlbmMiOiJBMTI4Q0JDLUhTMjU2IiwiYWxnIjoiZGlyIn0..QOGwNfTpgWl3YStX2Na5vg.PqLXOdJlrPx_ZK1POEhs1xfRSapgVkBn7x9dcl_X0EgTSDex5LDbubUnr1B4Ki67k4ctTLsF7CP3A39EHqhpbOIiW31Aub1MnGvVPIllPX7DiwlGawID6HQSe9x6RdVO1Cv34O-0uEWeay1LwwY9kjZDciCcR89mjnavxDRu-qGmaJeyjRiUvEU1hNkzgy6giniLZVLm6MbvY6hsOra0TfSSxm1KRUMM0CM4PVUMseGWCOySJo8gDsvggHGjMsvHNhPicPKrQIJwegr69EyfwdyYehz0f3U6oZCTLoJHz0pYSu1Tnv2hehI_5EhULi_iAZ6CgY7I0QG24e9JEng0PSMpntTw-siEYzdJwPctamtWKAsxhKOfLcqUEsVkyjVMZ35fV7BICxJykwrSRcz6gA-P6nmIYWEQSEgDMpZmw5d07CYD192DaSaMcmCYicN7J97tFFe6bNwveTFQ_g6-_y9XIgD_mw0LeQTDc_pzQIPo4hyqBv0N-cUc7BFIwA03ccn1Tb_1dmCYMSwWeinUPQk2M01hAI2st_-m7wnezklE0pj3wpqxvdqG1HeELPyyrWy7fH1J1LqZoLNw8Ewk5QeUEENizjN5i-GwKXadC_suD2sFAMAYDa2-DIyDFrEtNdrayTLmie4wSw4aVDYIBH8BCASdAz4inRhKSyLHl6miSu5GxUGKcrrMQAFhsXIW7Is_95sPw7LqsLrI1nCv4T0tFmRqGbexJRu2yxFiNSYI4Z6X6a2PlGwFBZ7Kk4R2.a59HGrahpwDwjNMaebpgFw",
  "token_type": "bearer"
}
2025-03-29T01:57:20.456Z info: Refresh usingToken () response is : {
  "expires_in": 3600,
  "token_type": "bearer",
  "access_token": "eyJlbmMiOiJBMTI4Q0JDLUhTMjU2IiwiYWxnIjoiZGlyIn0..C0ixrJyTODcdrLEAIe60vA.WreZbMxozzDblxiHrS4pingGhcJBXJf3E8KbSM9WJlmeK96Qmo8zm419SePHv0scixKZ2p1YYboHl35QG5NZ9EbEuOCgxFft7zEwhxMa4pcm9LEH2NlHzPwprRG3l3D6MZPCASF4rVP78nk4liUBcDYcopRSG92K1Z3hoUHtVbm1y1oipUbtSxWlA12VCoRItATaAqfQyEyMW1XM3AE-xmBjYEJMPma9OtBGhkfYQD4eQo8C-tFkXMtLPV0mTGDqPdHEbpDDsxj7dbN9qLjcUIJu6WX_a98GSAd9ZEn85C_4xPbAyob4A_vLvSb-Ci5DlmlGNBKBh__EjobLjb7Cu0rSvCUnwjOICP5k3Uj4EiBybSZnCP2IdOcG153ZB5R-ZJJ4nUAc7IZmNVZRuOXWg9IGfMsI_MpMAIuBcsATZ4rx4fG6w8nd4y9VM0g1oRKU82iCCP9meKOePnBKdU5lrC7FkasgayJotnLIg4DbvTRR9A6dXfELq0Qgx34cFxXNnmDoMNifODB4NEEjFerTqIJPXd4swUTBdF1C8XRaUA-GB6gkYykslHALUGb0YZdpuOxoQ1sM_f2Xtwxmf-mlNzqb6ipiJ7AAMmfOoR_y7SrJBfHJVSqwej2Gqu5QK4_TyhbSaWgdEpRK9nF-VA7je4C3xfxxI0Dc_LOrcGXk4hQ1tUAaXnycGfqs6ocsAvxYcbJxkQ3bMNvbqPIMdyQFn5DTO88t2-xMS4FbpZiJtiOn8Ukfqj7jgVwornsVPAtw.S_6mvCIONPCywi0zWIcc0w",
  "refresh_token": "AB117519310396Ny6DFz0pTB4WaA1JPhqTFY3qr9tgoELftjAZ",
  "x_refresh_token_expires_in": 8717600
}
2025-03-29T01:58:20.772Z info: Refresh usingToken () response is : {
  "expires_in": 3600,
  "x_refresh_token_expires_in": 8717539,
  "refresh_token": "AB117519310396Ny6DFz0pTB4WaA1JPhqTFY3qr9tgoELftjAZ",
  "access_token": "eyJlbmMiOiJBMTI4Q0JDLUhTMjU2IiwiYWxnIjoiZGlyIn0..P6ZvWGKPH2C-UNYMTqvp6g.FEqzrTT4HJi6WO6M3wC5auQOBsx7CoTGvZImVz8OpBio0tnf1YCFtQsKs8QnknVwX5APx3ckbtrl7vp4hBP5550YVpM4kUE3s0siNwPQFRkLhB8kPYdry7kdwHe0q3U1wWC4y3Io1yp57_JpeUftec0tozBwF9ZRBF5eVVg5xOxVkBDnLmQt_qJquFf6LSGiGbUWEY7kHfbordB1grGDtRkLDKNlGy85_vxQcBNO5_SM274SZViLL1fEPlBMllMmiuo9Z4E47HrsDHk0t-y_LepZCA2PaU0P6MdfXH5mxP4eOULf6INEaETBowIue4u7Uz3agUtE83BRCCpNV9xAQetoAVK_y70J566YXmaCDcUK8c6C-2goYttizgs7ckK0abzwafFY5yWROhP15w7dVlnRmstTnPnt3-lf77hHr1gOXpte_TjQfIsSapveTifT-CfHWnekgeFpvIHRl6ER0vccAPAkDYrkiRGGYbb6fjpcuXg6XlgPj3QnjZHyvX_bugBMb_X7b1TCLy-aOVQ3S3xEMNeZ6A2NPlmDTFf8CV2tjl4eFgV1TCll0e3dHK-eXLGTsv6Am4sxKB6wveJKOH8S-TvL0rVOIBYfoO0bFecRZ9PDULCGqaRw0DdjaMvLthCOwXTptAXV8iT_LmT_p4uOH4SGl83yuoeYJKRwYFDHctwX2L5xBpLOjg6c87sFwZt9hh8kLKoFM0XoGGU_cSy6vk_qn82j6FZgUCAZDI_qfPNWu-DyqwNPJ2kYAEB-.Zay3GhJgQZjsHYmNbh1Tqw",
  "token_type": "bearer"
}
2025-03-29T03:15:50.836Z info: Refresh usingToken () response is : {
  "token_type": "bearer",
  "access_token": "eyJlbmMiOiJBMTI4Q0JDLUhTMjU2IiwiYWxnIjoiZGlyIn0..hEkzu5MO2WTf8z54aFnczA.k3g8_611Pzd_xv_6icu7RoGHxAaFjXz87hHNlQzpdxVKFKB1NJRjF4BAShP9T10mcBQ8NBMKUWFBvmgFzqKiZRgeQRbc0QQ6RnfMQPSfEXQKgTeD1YsQT8IirC3v5onAcufRgzS9esRzjWsci6Jix_yqhILr7pKxtuiVaPZdpCDLS-DYe4fEL80Lzdt4OAObQHyYpHLhsJU0ZTfvxBOimNeBYdmYiWFNSqCTh2VlKeqOYB4Aq1Wuj5--RPsjrYVS9pJJNts9Ztzt6R4-fvHlkip9lzMQCiaSPqJTPXvAAAb9IuTu768VpQ90pLMONTBQX657-ByP8pN10VWna8HsMhWvJgpvx43eKVk4FlMCdYmjmwlGXd_6EOPoJOLX-7oHTEXcX8TPLqTLP1rBJnNsp5O4lfRr8ueB4pzavfGB9hsOvwE-nGfgacXo4IQF4YvJVsmNY0pRZH3lPH6GxdL6edxRLafQDCDABbVDvSU6yOPLoIbk7mMWFaoO0-AHwCGSTufbf5armGFW-gPWMC4wsZye_lVIRq-yY61cXmlBJSBAkqC1rrEfRAtQRMix5Xw_Ldh0qDG26N3IJ4vto9iyub7E0nrbf03x_AReIhsMY18-1eoccVZiXXJOoohiZJ0sU3NoY0oMqUSqHomo-bx8OyoMaVx8xdfNzg5Mvm1JZKBT1CVV3KqvLl4C26MUzCnKGfub9Fc5DyCdSUhsH0o4hWha7xQzcnb397rr8vRFwgPnzpIoybFxBadp2ia12h4y.2_WsV7p-ocpShkXfKclfMg",
  "refresh_token": "AB117519310396Ny6DFz0pTB4WaA1JPhqTFY3qr9tgoELftjAZ",
  "x_refresh_token_expires_in": 8712889,
  "expires_in": 3600
}
2025-03-29T03:18:20.248Z info: Refresh usingToken () response is : {
  "expires_in": 3600,
  "token_type": "bearer",
  "access_token": "eyJlbmMiOiJBMTI4Q0JDLUhTMjU2IiwiYWxnIjoiZGlyIn0..pMGfEGSkYmQuXP1vw3pj-w.3WVQmiyazxbMIU-xbTElQ8og59xdWu0njPRW4vS-6EIJSJpSfcPosiNe2RDNoCVLwbA081r_NGoW_5GQQ24AXD4yAfZLgwDeWjQkhZNuE7OpW__N9O8Pg-0piGwzJx2T-rniHOOT8FD_zi0G1td5WZInIHuuMz9QRFwe14Z1YvUIQj6lX65KdbL3csL8dgFVHR4Q_nKB49j0UnkfiWSgJYAhCKS1UsnbBfsIyscac1ad7_pc1SKi2IHyvQAKUT25uv8PshsZnD-Pj_pZG8OC1ZcTQCfiQYb0tbIMFdC0MqXwbcnITrYUyEa3tD3SGLegnUAa6551ZQ4MxWv4xeZNcQd1w49Lnskh42UTR2LKxv5glGgGXiRdGlvegC576qo0-I_hkvYXfG23fToXMwYonLgMYrW_nGUkPojZu68a_nCAy4-ISBxERZO65PJc63XusAq29xINiFx5XF5U7bWVxec5NNFFsR7GZR2e1LeyOQx57nJIQ8Ftuji1h8Y_GVDWSsjNzK7RHi_fgr3hpp7jz8jbXZ6Jm97wqAgW3MqxQsk3uHu57vFms659TqqyhzeYfvfnqmSRssaRkUMCV9AgMj5ellWAKYDlBfnwTAoJkerk24T9q9S38ebgdWMxJ2MeRKBaT0aWiNxSJIO4kucR24O4gm7-n419eYN1T7vZI0x_cf6a888UgwnkLPbTgIO8Ce9S_opMWC-jedP0rSCCIfgKGK4uu0tzmxris-K3sGtsbeuGFTeHOYBEhT4YaFFc.dhIBE2-mAKGjJH4jsELtKQ",
  "x_refresh_token_expires_in": 8712740,
  "refresh_token": "AB117519310396Ny6DFz0pTB4WaA1JPhqTFY3qr9tgoELftjAZ"
}
2025-03-29T03:19:31.986Z info: Refresh usingToken () response is : {
  "expires_in": 3600,
  "token_type": "bearer",
  "refresh_token": "AB117519310396Ny6DFz0pTB4WaA1JPhqTFY3qr9tgoELftjAZ",
  "access_token": "eyJlbmMiOiJBMTI4Q0JDLUhTMjU2IiwiYWxnIjoiZGlyIn0.._05rq6HPRxGPV5uc9b47og.HvDiI_FpVIWYbb2tXj1LS2kubZDhs0VVClwt9hxp8Pdoje7cgrBnyW6BMwNu2gSdmvLFpsycdgz5Z7rUiEuQh9S3VAA_H1PXblGMhJUUY3J7YbgK01QKm6FZAel0tbQ7TL7oYiM12RGSkTm_9-pjEM8KU06kZE1ZhaOzPVXsHb8qlK6jeg1xaewhEWkPDU8pWTuXRyKBCRKTOBMQswxswcQzHU_WINNau9xQ6_UtjkX_-IYWPgUv86t0R2Lwn_QiIzi2Ns-lIeoC69kDR4uJGHnO_E_ldc5ZibFRMJGEmLiX4i4YXH3_3m8NfJ6FOQfQHCCmLZVonii-_kaDrkyZswFqGzk4je-6AUNS3qHJIxRzZR8JYoXmF0qmDh73M9ysRylMDroRm3WS_PTiUam-4TasX5pVeg7bbvvc6vewLAQVWu-cv2ej0LVa2URsNV86YoNHz7ms490ow0VUGuEKDxyWVwCpKAyI2Pat7rTyuTfCH8mkrVDOX2NKJez1qTkx2g_BrNtN_RTiDXUFoQLxSe9MFtGkC0ixFnr-RTP3L1i-SWa-s9bwim4zo2voneFGoaSPihqYOjr2YNnSiUxRyg8c1inxpHWNtuYSMYrwa35Rh6B8ugA6oS8IDkoqZBe2nHKgHMqsliEyV2lOCYiHyzFPXBkxNRVLQGmAiP-_cjM0w1zTY-PxujaAECAyozhBDEsF4bhv8HoX9b6li-7ExFuoABC4w4rb1NV8w9xOHqKzNXi9VNtBHTHpPkvvjvJf.iDH9Su6OhlFxPDm1ivudXg",
  "x_refresh_token_expires_in": 8712668
}
2025-03-29T03:20:44.940Z info: Refresh usingToken () response is : {
  "expires_in": 3600,
  "refresh_token": "AB117519310396Ny6DFz0pTB4WaA1JPhqTFY3qr9tgoELftjAZ",
  "access_token": "eyJlbmMiOiJBMTI4Q0JDLUhTMjU2IiwiYWxnIjoiZGlyIn0..AWMIM6clrg3X9xivdX30Rw.kAFxebmeMEDTtVyNqs9ph9Oz7xuRwKNKWq-2Bg7BkFvEXNTUC_nBVPMS8tBpOs-gVJYgZMSeZu3OKokxZI5vJJWSw3lK8pwtOs6AyRYT92ed3hsOXx2zdY5N-8khOKvLcSpKFL7umBnOv1DM-x_JF6jiraB5OP2VVI_UT0R59hls2f8CWlPDTpxdCL3cT1jMn0RNlk8f5Zzw8PWeYzt52gwX7PGtPAuNOCC-iV934_j47G2zLfCBiQywh-7lJ8yTZR2DlWi67izMdscjTxX7kkiDz7B3mC_9GGhcXwJW330Y4ZDyfvlRjbL2FP3u1znH2aFjD5FaJbehPSIU6TrV_Lh3shs1e_-roUBu2UwLGpjXz8qvQtSirgM6hN8U2U_OYR6sM7iDyUnrZejStllhFUxxJv9yTgs2C7iI1ZCL6Z_hb8VpUcfCDK3DViuCg_FkH4pn0BW0uYudw_tfEaEA0pBKLiwUcUElpMz6prugx8_llm_2pKhja5E3l6XvKGeGNu5kaUAIThXWorr_saKsZcJXIihGt4EOa_lr81jxqvDUxLnaIYGkCCZZxy2I4VN2S446Re_YddgqWdIObAK2bBIrkXlJe5nbDXqkw8RVBuznlCZ6PP2jy4AuK6qg4BkxuVeWg8__K5i-ClJbAbpQp2y71k_v0Nf8ZSp0vXL2ZTBUGsI17rUJ-hn3KqLEoArNvDgTFDMwg2G2wheTnCkdQccDuqqH8tVaegV-F0yiX5jlSV3wsa88UgbFFbCGA14z.7vOez09B9BTE1VsQQQjFSg",
  "token_type": "bearer",
  "x_refresh_token_expires_in": 8712595
}
2025-03-29T03:32:58.735Z info: Refresh usingToken () response is : {
  "expires_in": 3600,
  "token_type": "bearer",
  "access_token": "eyJlbmMiOiJBMTI4Q0JDLUhTMjU2IiwiYWxnIjoiZGlyIn0..hn5-MVyX5x51lbv7Il1NWQ.M4Mah3hSVCXwIMlbf3r-aAjcz66zBjgm1P6C4Bw3B-PUolQY9h_bupafjVA4L5-g-GDNLXRLEcgcIPJa1iX-B5Kv6SH48FNtVnZr_8m5alXWUEIjqsSSoQGWIZfdXXfe_U1PSqd7-paxaMukZBIOdjsWL39QxMtjZQmm5daTl6X8ZhhD9ku4D0PUEt4JrTmytm2lNxa2QgmeBLcQkBJJU_FYNiCwd8kUju6eSGKQwyxVoKWH-Yh0XAup2VWkG1AfjvckNSREK9W4H3xKu_bACocB0UvmxCXmgNBZaP_L3aKIGuKuiaYXwdZRkFIawdpD775u5_2rZxcTIyw4u9mtRMkS9OvftkeaIr96i1n1MAwngUp9twnUSrb5MzhYkWadbjWPtFgMJGhRhXzADIFz_7Lp9rq02zPAq11qZahq_pKtjXLOybhKmurmzLJXUqC76wgjpStUl4xaGfGKiOWogwLcTgw-nUOVWWNVfOXxyt9aAkNzETceswJfVnvdxCnRTgg41SM6_svCg2Srb_RWErqbd0VSd1CDaRgoSciUXOU5OvemTD2-mAFqkwwutUVK1m-KNAMk-1PYyVoCQcWyHqmEz1pgJNMtW6gg7625icsOjAned_ww_cu1KpkIHjJigyrF6M4tJ_ZV7ejbF4nDijBe-_dqetnmch6fltmmJhjL5ht4WOcQFx1Es3dSCftZFG4lPWhBCuj2VzzBhvp1oUIXQG6xP60RuQwcoeGCt9BKRuuAB373eocqnx5Aoxmw.2w1eX_8nqwYEMS2t7KNRuw",
  "refresh_token": "AB117519310396Ny6DFz0pTB4WaA1JPhqTFY3qr9tgoELftjAZ",
  "x_refresh_token_expires_in": 8711861
}
